[0m20:49:23.993155 [debug] [MainThread]: Sending event: {'category': 'dbt', 'action': 'invocation', 'label': 'start', 'context': [<snowplow_tracker.self_describing_json.SelfDescribingJson object at 0x0000022E930BE7D0>, <snowplow_tracker.self_describing_json.SelfDescribingJson object at 0x0000022E92CE1F10>, <snowplow_tracker.self_describing_json.SelfDescribingJson object at 0x0000022E930BE650>]}


============================== 20:49:24.009236 | 15fdf2e8-de8a-4dc6-a228-b03cfeb0a8f9 ==============================
[0m20:49:24.009236 [info ] [MainThread]: Running with dbt=1.9.1
[0m20:49:24.009236 [debug] [MainThread]: running dbt with arguments {'printer_width': '80', 'indirect_selection': 'eager', 'write_json': 'True', 'log_cache_events': 'False', 'partial_parse': 'True', 'cache_selected_only': 'False', 'warn_error': 'None', 'fail_fast': 'False', 'version_check': 'True', 'log_path': 'logs', 'debug': 'False', 'profiles_dir': 'C:\\Users\\ihdarsyd\\.dbt', 'use_colors': 'True', 'use_experimental_parser': 'False', 'empty': 'None', 'quiet': 'False', 'no_print': 'None', 'log_format': 'default', 'static_parser': 'True', 'invocation_command': 'dbt init', 'warn_error_options': 'WarnErrorOptions(include=[], exclude=[])', 'target_path': 'None', 'introspect': 'True', 'send_anonymous_usage_stats': 'True'}
[0m20:49:58.288085 [debug] [MainThread]: Starter project path: C:\Users\ihdarsyd\Documents\Pacmann\MDA\case1-pacbikes\venv\Lib\site-packages\dbt\include\starter_project
[0m20:49:58.326978 [info ] [MainThread]: 
Your new dbt project "transform_pacbikes" was created!

For more information on how to configure the profiles.yml file,
please consult the dbt documentation here:

  https://docs.getdbt.com/docs/configure-your-profile

One more thing:

Need help? Don't hesitate to reach out to us via GitHub issues or on Slack:

  https://community.getdbt.com/

Happy modeling!

[0m20:49:58.329966 [info ] [MainThread]: Setting up your profile.
[0m20:49:58.332994 [error] [MainThread]: Encountered an error:
Runtime Error
  No adapters available. Learn how to install an adapter by going to https://docs.getdbt.com/docs/connect-adapters#install-using-the-cli
[0m20:49:58.336143 [debug] [MainThread]: Command `dbt init` failed at 20:49:58.334960 after 34.48 seconds
[0m20:49:58.337153 [debug] [MainThread]: Sending event: {'category': 'dbt', 'action': 'invocation', 'label': 'end', 'context': [<snowplow_tracker.self_describing_json.SelfDescribingJson object at 0x0000022E930B7210>, <snowplow_tracker.self_describing_json.SelfDescribingJson object at 0x0000022E9311B890>, <snowplow_tracker.self_describing_json.SelfDescribingJson object at 0x0000022E9311B4D0>]}
[0m20:49:58.338798 [debug] [MainThread]: Flushing usage events
[0m20:49:59.402764 [debug] [MainThread]: An error was encountered while trying to flush usage events
[0m21:00:23.238976 [debug] [MainThread]: Sending event: {'category': 'dbt', 'action': 'invocation', 'label': 'start', 'context': [<snowplow_tracker.self_describing_json.SelfDescribingJson object at 0x00000198FEFBE3D0>, <snowplow_tracker.self_describing_json.SelfDescribingJson object at 0x00000198FF21BB10>, <snowplow_tracker.self_describing_json.SelfDescribingJson object at 0x00000198FF21B550>]}


============================== 21:00:23.241640 | abace85e-4542-476f-ae68-1a7953e5f454 ==============================
[0m21:00:23.241640 [info ] [MainThread]: Running with dbt=1.9.1
[0m21:00:23.241640 [debug] [MainThread]: running dbt with arguments {'printer_width': '80', 'indirect_selection': 'eager', 'write_json': 'True', 'log_cache_events': 'False', 'partial_parse': 'True', 'cache_selected_only': 'False', 'warn_error': 'None', 'version_check': 'True', 'profiles_dir': 'C:\\Users\\ihdarsyd\\.dbt', 'log_path': 'logs', 'fail_fast': 'False', 'debug': 'False', 'use_colors': 'True', 'use_experimental_parser': 'False', 'empty': 'False', 'quiet': 'False', 'no_print': 'None', 'warn_error_options': 'WarnErrorOptions(include=[], exclude=[])', 'invocation_command': 'dbt run', 'log_format': 'default', 'introspect': 'True', 'target_path': 'None', 'static_parser': 'True', 'send_anonymous_usage_stats': 'True'}
[0m21:00:23.246772 [error] [MainThread]: Encountered an error:
Runtime Error
  No dbt_project.yml found at expected path C:\Users\ihdarsyd\Documents\Pacmann\MDA\case1-pacbikes\pipeline\dwh_pipeline\transform\dbt_project.yml
  Verify that each entry within packages.yml (and their transitive dependencies) contains a file named dbt_project.yml
  
[0m21:00:23.249071 [debug] [MainThread]: Command `dbt run` failed at 21:00:23.249071 after 0.10 seconds
[0m21:00:23.249071 [debug] [MainThread]: Sending event: {'category': 'dbt', 'action': 'invocation', 'label': 'end', 'context': [<snowplow_tracker.self_describing_json.SelfDescribingJson object at 0x00000198FEFB7390>, <snowplow_tracker.self_describing_json.SelfDescribingJson object at 0x00000198FEDE2510>, <snowplow_tracker.self_describing_json.SelfDescribingJson object at 0x00000198FF21B850>]}
[0m21:00:23.249071 [debug] [MainThread]: Flushing usage events
[0m21:00:24.289351 [debug] [MainThread]: An error was encountered while trying to flush usage events
