2025-01-10 18:12:24,240 - INFO - ==================================STARTING EXTRACT DATA=======================================
2025-01-10 18:12:24,336 - INFO - EXTRACT 'person' - SUCCESS.
2025-01-10 18:12:24,488 - INFO - EXTRACT 'employee' - SUCCESS.
2025-01-10 18:12:24,602 - INFO - EXTRACT 'product' - SUCCESS.
2025-01-10 18:12:24,710 - INFO - EXTRACT 'shipmethod' - SUCCESS.
2025-01-10 18:12:24,796 - INFO - EXTRACT 'currencyrate' - SUCCESS.
2025-01-10 18:12:24,911 - INFO - EXTRACT 'salesreason' - SUCCESS.
2025-01-10 18:12:24,993 - INFO - EXTRACT 'salesterritory' - SUCCESS.
2025-01-10 18:12:25,097 - INFO - EXTRACT 'specialoffer' - SUCCESS.
2025-01-10 18:12:25,194 - INFO - EXTRACT 'salesperson' - SUCCESS.
2025-01-10 18:12:25,284 - INFO - EXTRACT 'store' - SUCCESS.
2025-01-10 18:12:25,384 - INFO - EXTRACT 'customer' - SUCCESS.
2025-01-10 18:12:25,504 - INFO - EXTRACT 'specialofferproduct' - SUCCESS.
2025-01-10 18:12:25,607 - INFO - EXTRACT 'salespersonquotahistory' - SUCCESS.
2025-01-10 18:12:25,750 - INFO - EXTRACT 'salesterritoryhistory' - SUCCESS.
2025-01-10 18:12:25,844 - INFO - EXTRACT 'shoppingcartitem' - SUCCESS.
2025-01-10 18:12:25,920 - INFO - EXTRACT 'salesorderheader' - SUCCESS.
2025-01-10 18:12:26,023 - INFO - EXTRACT 'salesorderdetail' - SUCCESS.
2025-01-10 18:12:26,119 - INFO - EXTRACT 'salesorderheadersalesreason' - SUCCESS.
2025-01-10 18:12:26,174 - INFO - Extract All Tables From Sources - SUCCESS
2025-01-10 18:12:26,174 - INFO - ==================================ENDING EXTRACT DATA=======================================
2025-01-10 18:12:26,174 - INFO - [pid 3196] Worker Worker(salt=9420144981, workers=1, host=DESKTOP-KIQCHDD, username=ihdarsyd, pid=3196) done      Extract_DB()
2025-01-10 18:12:26,176 - DEBUG - 1 running tasks, waiting for next task to finish
2025-01-10 18:12:26,180 - INFO - Informed scheduler that task   Extract_DB__99914b932b   has status   DONE
2025-01-10 18:12:26,180 - DEBUG - Asking scheduler for work...
2025-01-10 18:12:26,190 - DEBUG - Done
2025-01-10 18:12:26,190 - DEBUG - There are no more tasks to run at this time
2025-01-10 18:12:26,191 - INFO - Worker Worker(salt=9420144981, workers=1, host=DESKTOP-KIQCHDD, username=ihdarsyd, pid=3196) was stopped. Shutting down Keep-Alive thread
2025-01-10 18:12:26,192 - INFO - 
===== Luigi Execution Summary =====

Scheduled 1 tasks of which:
* 1 ran successfully:
    - 1 Extract_DB()

This progress looks :) because there were no failed tasks or missing dependencies

===== Luigi Execution Summary =====

2025-01-10 18:13:05,445 - INFO - ==================================STARTING EXTRACT DATA=======================================
2025-01-10 18:13:05,550 - INFO - EXTRACT 'person' - SUCCESS.
2025-01-10 18:13:05,645 - INFO - EXTRACT 'employee' - SUCCESS.
2025-01-10 18:13:05,739 - INFO - EXTRACT 'product' - SUCCESS.
2025-01-10 18:13:05,820 - INFO - EXTRACT 'shipmethod' - SUCCESS.
2025-01-10 18:13:05,916 - INFO - EXTRACT 'currencyrate' - SUCCESS.
2025-01-10 18:13:06,011 - INFO - EXTRACT 'salesreason' - SUCCESS.
2025-01-10 18:13:06,128 - INFO - EXTRACT 'salesterritory' - SUCCESS.
2025-01-10 18:13:06,237 - INFO - EXTRACT 'specialoffer' - SUCCESS.
2025-01-10 18:13:06,332 - INFO - EXTRACT 'salesperson' - SUCCESS.
2025-01-10 18:13:06,430 - INFO - EXTRACT 'store' - SUCCESS.
2025-01-10 18:13:06,538 - INFO - EXTRACT 'customer' - SUCCESS.
2025-01-10 18:13:06,630 - INFO - EXTRACT 'specialofferproduct' - SUCCESS.
2025-01-10 18:13:06,725 - INFO - EXTRACT 'salespersonquotahistory' - SUCCESS.
2025-01-10 18:13:06,816 - INFO - EXTRACT 'salesterritoryhistory' - SUCCESS.
2025-01-10 18:13:06,943 - INFO - EXTRACT 'shoppingcartitem' - SUCCESS.
2025-01-10 18:13:07,058 - INFO - EXTRACT 'salesorderheader' - SUCCESS.
2025-01-10 18:13:07,168 - INFO - EXTRACT 'salesorderdetail' - SUCCESS.
2025-01-10 18:13:07,313 - INFO - EXTRACT 'salesorderheadersalesreason' - SUCCESS.
2025-01-10 18:13:07,364 - INFO - Extract All Tables From Sources - SUCCESS
2025-01-10 18:13:07,364 - INFO - ==================================ENDING EXTRACT DATA=======================================
2025-01-10 18:13:07,364 - INFO - [pid 29896] Worker Worker(salt=8754007217, workers=1, host=DESKTOP-KIQCHDD, username=ihdarsyd, pid=29896) done      Extract_DB()
2025-01-10 18:13:07,368 - DEBUG - 1 running tasks, waiting for next task to finish
2025-01-10 18:13:07,372 - INFO - Informed scheduler that task   Extract_DB__99914b932b   has status   DONE
2025-01-10 18:13:07,372 - DEBUG - Asking scheduler for work...
2025-01-10 18:13:07,376 - DEBUG - Pending tasks: 1
2025-01-10 18:13:07,376 - INFO - [pid 29896] Worker Worker(salt=8754007217, workers=1, host=DESKTOP-KIQCHDD, username=ihdarsyd, pid=29896) running   Extract_API(data_name=currency)
2025-01-10 18:13:07,378 - INFO - ==================================STARTING EXTRACT DATA API=======================================
2025-01-10 18:13:11,913 - INFO - EXTRACT 'currency' - SUCCESS.
2025-01-10 18:13:11,913 - INFO - Extract All Data API From Sources - SUCCESS
2025-01-10 18:13:11,976 - INFO - ==================================ENDING EXTRACT DATA=======================================
2025-01-10 18:13:11,976 - INFO - [pid 29896] Worker Worker(salt=8754007217, workers=1, host=DESKTOP-KIQCHDD, username=ihdarsyd, pid=29896) done      Extract_API(data_name=currency)
2025-01-10 18:13:11,976 - DEBUG - 1 running tasks, waiting for next task to finish
2025-01-10 18:13:11,979 - INFO - Informed scheduler that task   Extract_API_currency_b6815482e3   has status   DONE
2025-01-10 18:13:11,979 - DEBUG - Asking scheduler for work...
2025-01-10 18:13:11,983 - DEBUG - Done
2025-01-10 18:13:11,984 - DEBUG - There are no more tasks to run at this time
2025-01-10 18:13:11,984 - INFO - Worker Worker(salt=8754007217, workers=1, host=DESKTOP-KIQCHDD, username=ihdarsyd, pid=29896) was stopped. Shutting down Keep-Alive thread
2025-01-10 18:13:11,986 - INFO - 
===== Luigi Execution Summary =====

Scheduled 2 tasks of which:
* 2 ran successfully:
    - 1 Extract_API(data_name=currency)
    - 1 Extract_DB()

This progress looks :) because there were no failed tasks or missing dependencies

===== Luigi Execution Summary =====

2025-01-10 18:14:08,912 - INFO - ==================================STARTING EXTRACT DATA=======================================
2025-01-10 18:14:08,998 - INFO - EXTRACT 'person' - SUCCESS.
2025-01-10 18:14:09,097 - INFO - EXTRACT 'employee' - SUCCESS.
2025-01-10 18:14:09,201 - INFO - EXTRACT 'product' - SUCCESS.
2025-01-10 18:14:09,292 - INFO - EXTRACT 'shipmethod' - SUCCESS.
2025-01-10 18:14:09,403 - INFO - EXTRACT 'currencyrate' - SUCCESS.
2025-01-10 18:14:09,500 - INFO - EXTRACT 'salesreason' - SUCCESS.
2025-01-10 18:14:09,593 - INFO - EXTRACT 'salesterritory' - SUCCESS.
2025-01-10 18:14:09,698 - INFO - EXTRACT 'specialoffer' - SUCCESS.
2025-01-10 18:14:09,812 - INFO - EXTRACT 'salesperson' - SUCCESS.
2025-01-10 18:14:09,920 - INFO - EXTRACT 'store' - SUCCESS.
2025-01-10 18:14:10,002 - INFO - EXTRACT 'customer' - SUCCESS.
2025-01-10 18:14:10,125 - INFO - EXTRACT 'specialofferproduct' - SUCCESS.
2025-01-10 18:14:10,235 - INFO - EXTRACT 'salespersonquotahistory' - SUCCESS.
2025-01-10 18:14:10,360 - INFO - EXTRACT 'salesterritoryhistory' - SUCCESS.
2025-01-10 18:14:10,445 - INFO - EXTRACT 'shoppingcartitem' - SUCCESS.
2025-01-10 18:14:10,522 - INFO - EXTRACT 'salesorderheader' - SUCCESS.
2025-01-10 18:14:10,661 - INFO - EXTRACT 'salesorderdetail' - SUCCESS.
2025-01-10 18:14:10,760 - INFO - EXTRACT 'salesorderheadersalesreason' - SUCCESS.
2025-01-10 18:14:10,832 - INFO - Extract All Tables From Sources - SUCCESS
2025-01-10 18:14:10,832 - INFO - ==================================ENDING EXTRACT DATA=======================================
2025-01-10 18:14:10,832 - INFO - [pid 26896] Worker Worker(salt=4346458726, workers=1, host=DESKTOP-KIQCHDD, username=ihdarsyd, pid=26896) done      Extract_DB()
2025-01-10 18:14:10,868 - DEBUG - 1 running tasks, waiting for next task to finish
2025-01-10 18:14:10,872 - INFO - Informed scheduler that task   Extract_DB__99914b932b   has status   DONE
2025-01-10 18:14:10,872 - DEBUG - Asking scheduler for work...
2025-01-10 18:14:10,875 - DEBUG - Pending tasks: 1
2025-01-10 18:14:10,875 - INFO - [pid 26896] Worker Worker(salt=4346458726, workers=1, host=DESKTOP-KIQCHDD, username=ihdarsyd, pid=26896) running   Extract_API(data_name=currency)
2025-01-10 18:14:10,878 - INFO - ==================================STARTING EXTRACT DATA API=======================================
2025-01-10 18:14:11,613 - INFO - EXTRACT 'currency' - SUCCESS.
2025-01-10 18:14:11,613 - INFO - Extract All Data API From Sources - SUCCESS
2025-01-10 18:14:11,688 - INFO - ==================================ENDING EXTRACT DATA=======================================
2025-01-10 18:14:11,688 - INFO - [pid 26896] Worker Worker(salt=4346458726, workers=1, host=DESKTOP-KIQCHDD, username=ihdarsyd, pid=26896) done      Extract_API(data_name=currency)
2025-01-10 18:14:11,688 - DEBUG - 1 running tasks, waiting for next task to finish
2025-01-10 18:14:11,693 - INFO - Informed scheduler that task   Extract_API_currency_b6815482e3   has status   DONE
2025-01-10 18:14:11,694 - DEBUG - Asking scheduler for work...
2025-01-10 18:14:11,696 - DEBUG - Done
2025-01-10 18:14:11,698 - DEBUG - There are no more tasks to run at this time
2025-01-10 18:14:11,698 - INFO - Worker Worker(salt=4346458726, workers=1, host=DESKTOP-KIQCHDD, username=ihdarsyd, pid=26896) was stopped. Shutting down Keep-Alive thread
2025-01-10 18:14:11,699 - INFO - 
===== Luigi Execution Summary =====

Scheduled 2 tasks of which:
* 2 ran successfully:
    - 1 Extract_API(data_name=currency)
    - 1 Extract_DB()

This progress looks :) because there were no failed tasks or missing dependencies

===== Luigi Execution Summary =====

2025-01-10 18:14:27,817 - INFO - ==================================STARTING EXTRACT DATA=======================================
2025-01-10 18:14:27,932 - INFO - EXTRACT 'person' - SUCCESS.
2025-01-10 18:14:28,012 - INFO - EXTRACT 'employee' - SUCCESS.
2025-01-10 18:14:28,132 - INFO - EXTRACT 'product' - SUCCESS.
2025-01-10 18:14:28,251 - INFO - EXTRACT 'shipmethod' - SUCCESS.
2025-01-10 18:14:28,358 - INFO - EXTRACT 'currencyrate' - SUCCESS.
2025-01-10 18:14:28,468 - INFO - EXTRACT 'salesreason' - SUCCESS.
2025-01-10 18:14:28,568 - INFO - EXTRACT 'salesterritory' - SUCCESS.
2025-01-10 18:14:28,662 - INFO - EXTRACT 'specialoffer' - SUCCESS.
2025-01-10 18:14:28,758 - INFO - EXTRACT 'salesperson' - SUCCESS.
2025-01-10 18:14:28,859 - INFO - EXTRACT 'store' - SUCCESS.
2025-01-10 18:14:28,938 - INFO - EXTRACT 'customer' - SUCCESS.
2025-01-10 18:14:29,029 - INFO - EXTRACT 'specialofferproduct' - SUCCESS.
2025-01-10 18:14:29,136 - INFO - EXTRACT 'salespersonquotahistory' - SUCCESS.
2025-01-10 18:14:29,250 - INFO - EXTRACT 'salesterritoryhistory' - SUCCESS.
2025-01-10 18:14:29,344 - INFO - EXTRACT 'shoppingcartitem' - SUCCESS.
2025-01-10 18:14:29,447 - INFO - EXTRACT 'salesorderheader' - SUCCESS.
2025-01-10 18:14:29,562 - INFO - EXTRACT 'salesorderdetail' - SUCCESS.
2025-01-10 18:14:29,680 - INFO - EXTRACT 'salesorderheadersalesreason' - SUCCESS.
2025-01-10 18:14:29,719 - INFO - Extract All Tables From Sources - SUCCESS
2025-01-10 18:14:29,719 - INFO - ==================================ENDING EXTRACT DATA=======================================
2025-01-10 18:14:29,719 - INFO - [pid 28088] Worker Worker(salt=5909481173, workers=1, host=DESKTOP-KIQCHDD, username=ihdarsyd, pid=28088) done      Extract_DB()
2025-01-10 18:14:29,721 - DEBUG - 1 running tasks, waiting for next task to finish
2025-01-10 18:14:29,724 - INFO - Informed scheduler that task   Extract_DB__99914b932b   has status   DONE
2025-01-10 18:14:29,724 - DEBUG - Asking scheduler for work...
2025-01-10 18:14:29,727 - DEBUG - Pending tasks: 2
2025-01-10 18:14:29,728 - INFO - [pid 28088] Worker Worker(salt=5909481173, workers=1, host=DESKTOP-KIQCHDD, username=ihdarsyd, pid=28088) running   Extract_API(data_name=currency)
2025-01-10 18:14:29,728 - INFO - ==================================STARTING EXTRACT DATA API=======================================
2025-01-10 18:14:30,548 - INFO - EXTRACT 'currency' - SUCCESS.
2025-01-10 18:14:30,549 - INFO - Extract All Data API From Sources - SUCCESS
2025-01-10 18:14:30,609 - INFO - ==================================ENDING EXTRACT DATA=======================================
2025-01-10 18:14:30,609 - INFO - [pid 28088] Worker Worker(salt=5909481173, workers=1, host=DESKTOP-KIQCHDD, username=ihdarsyd, pid=28088) done      Extract_API(data_name=currency)
2025-01-10 18:14:30,609 - DEBUG - 1 running tasks, waiting for next task to finish
2025-01-10 18:14:30,611 - INFO - Informed scheduler that task   Extract_API_currency_b6815482e3   has status   DONE
2025-01-10 18:14:30,611 - DEBUG - Asking scheduler for work...
2025-01-10 18:14:30,611 - DEBUG - Pending tasks: 1
2025-01-10 18:14:30,611 - INFO - [pid 28088] Worker Worker(salt=5909481173, workers=1, host=DESKTOP-KIQCHDD, username=ihdarsyd, pid=28088) running   Load_STG()
2025-01-10 18:14:30,653 - INFO - Read Extracted Data - SUCCESS
2025-01-10 18:14:30,653 - INFO - Connect to STG - SUCCESS
2025-01-10 18:14:30,656 - INFO - ==================================STARTING LOAD DATA TO STG=======================================
2025-01-10 18:14:30,707 - INFO - LOAD STAGING 'currency' - SUCCESS.
2025-01-10 18:14:30,758 - INFO - LOAD STAGING 'person' - SUCCESS.
2025-01-10 18:14:30,825 - INFO - LOAD STAGING 'employee' - SUCCESS.
2025-01-10 18:14:30,897 - INFO - LOAD STAGING 'product' - SUCCESS.
2025-01-10 18:14:30,962 - INFO - LOAD STAGING 'shipmethod' - SUCCESS.
2025-01-10 18:14:31,003 - INFO - LOAD STAGING 'currencyrate' - SUCCESS.
2025-01-10 18:14:31,075 - INFO - LOAD STAGING 'salesreason' - SUCCESS.
2025-01-10 18:14:31,123 - INFO - LOAD STAGING 'salesterritory' - SUCCESS.
2025-01-10 18:14:31,184 - INFO - LOAD STAGING 'specialoffer' - SUCCESS.
2025-01-10 18:14:31,239 - INFO - LOAD STAGING 'salesperson' - SUCCESS.
2025-01-10 18:14:31,326 - INFO - LOAD STAGING 'store' - SUCCESS.
2025-01-10 18:14:31,404 - INFO - LOAD STAGING 'customer' - SUCCESS.
2025-01-10 18:14:31,477 - INFO - LOAD STAGING 'specialofferproduct' - SUCCESS.
2025-01-10 18:14:31,528 - INFO - LOAD STAGING 'salespersonquotahistory' - SUCCESS.
2025-01-10 18:14:31,580 - INFO - LOAD STAGING 'salesterritoryhistory' - SUCCESS.
2025-01-10 18:14:31,653 - INFO - LOAD STAGING 'shoppingcartitem' - SUCCESS.
2025-01-10 18:14:31,716 - INFO - LOAD STAGING 'salesorderheader' - SUCCESS.
2025-01-10 18:14:31,770 - INFO - LOAD STAGING 'salesorderdetail' - SUCCESS.
2025-01-10 18:14:31,821 - INFO - LOAD STAGING 'salesorderheadersalesreason' - SUCCESS.
2025-01-10 18:14:31,851 - INFO - ==================================ENDING LOAD DATA TO STG=======================================
2025-01-10 18:14:31,851 - INFO - [pid 28088] Worker Worker(salt=5909481173, workers=1, host=DESKTOP-KIQCHDD, username=ihdarsyd, pid=28088) done      Load_STG()
2025-01-10 18:14:31,851 - DEBUG - 1 running tasks, waiting for next task to finish
2025-01-10 18:14:31,855 - INFO - Informed scheduler that task   Load_STG__99914b932b   has status   DONE
2025-01-10 18:14:31,855 - DEBUG - Asking scheduler for work...
2025-01-10 18:14:31,860 - DEBUG - Done
2025-01-10 18:14:31,860 - DEBUG - There are no more tasks to run at this time
2025-01-10 18:14:31,860 - INFO - Worker Worker(salt=5909481173, workers=1, host=DESKTOP-KIQCHDD, username=ihdarsyd, pid=28088) was stopped. Shutting down Keep-Alive thread
2025-01-10 18:14:31,862 - INFO - 
===== Luigi Execution Summary =====

Scheduled 3 tasks of which:
* 3 ran successfully:
    - 1 Extract_API(data_name=currency)
    - 1 Extract_DB()
    - 1 Load_STG()

This progress looks :) because there were no failed tasks or missing dependencies

===== Luigi Execution Summary =====

2025-01-10 18:15:33,104 - INFO - ==================================STARTING EXTRACT DATA=======================================
2025-01-10 18:15:33,213 - INFO - EXTRACT 'person' - SUCCESS.
2025-01-10 18:15:33,321 - INFO - EXTRACT 'employee' - SUCCESS.
2025-01-10 18:15:33,404 - INFO - EXTRACT 'product' - SUCCESS.
2025-01-10 18:15:33,501 - INFO - EXTRACT 'shipmethod' - SUCCESS.
2025-01-10 18:15:33,608 - INFO - EXTRACT 'currencyrate' - SUCCESS.
2025-01-10 18:15:33,725 - INFO - EXTRACT 'salesreason' - SUCCESS.
2025-01-10 18:15:33,841 - INFO - EXTRACT 'salesterritory' - SUCCESS.
2025-01-10 18:15:33,960 - INFO - EXTRACT 'specialoffer' - SUCCESS.
2025-01-10 18:15:34,055 - INFO - EXTRACT 'salesperson' - SUCCESS.
2025-01-10 18:15:34,153 - INFO - EXTRACT 'store' - SUCCESS.
2025-01-10 18:15:34,279 - INFO - EXTRACT 'customer' - SUCCESS.
2025-01-10 18:15:34,371 - INFO - EXTRACT 'specialofferproduct' - SUCCESS.
2025-01-10 18:15:34,467 - INFO - EXTRACT 'salespersonquotahistory' - SUCCESS.
2025-01-10 18:15:34,562 - INFO - EXTRACT 'salesterritoryhistory' - SUCCESS.
2025-01-10 18:15:34,648 - INFO - EXTRACT 'shoppingcartitem' - SUCCESS.
2025-01-10 18:15:34,752 - INFO - EXTRACT 'salesorderheader' - SUCCESS.
2025-01-10 18:15:34,888 - INFO - EXTRACT 'salesorderdetail' - SUCCESS.
2025-01-10 18:15:34,979 - INFO - EXTRACT 'salesorderheadersalesreason' - SUCCESS.
2025-01-10 18:15:35,035 - INFO - Extract All Tables From Sources - SUCCESS
2025-01-10 18:15:35,035 - INFO - ==================================ENDING EXTRACT DATA=======================================
2025-01-10 18:15:35,035 - INFO - [pid 24400] Worker Worker(salt=2945111175, workers=1, host=DESKTOP-KIQCHDD, username=ihdarsyd, pid=24400) done      Extract_DB()
2025-01-10 18:15:35,037 - DEBUG - 1 running tasks, waiting for next task to finish
2025-01-10 18:15:35,038 - INFO - Informed scheduler that task   Extract_DB__99914b932b   has status   DONE
2025-01-10 18:15:35,038 - DEBUG - Asking scheduler for work...
2025-01-10 18:15:35,043 - DEBUG - Pending tasks: 3
2025-01-10 18:15:35,044 - INFO - [pid 24400] Worker Worker(salt=2945111175, workers=1, host=DESKTOP-KIQCHDD, username=ihdarsyd, pid=24400) running   Extract_API(data_name=currency)
2025-01-10 18:15:35,044 - INFO - ==================================STARTING EXTRACT DATA API=======================================
2025-01-10 18:15:35,778 - INFO - EXTRACT 'currency' - SUCCESS.
2025-01-10 18:15:35,778 - INFO - Extract All Data API From Sources - SUCCESS
2025-01-10 18:15:35,819 - INFO - ==================================ENDING EXTRACT DATA=======================================
2025-01-10 18:15:35,819 - INFO - [pid 24400] Worker Worker(salt=2945111175, workers=1, host=DESKTOP-KIQCHDD, username=ihdarsyd, pid=24400) done      Extract_API(data_name=currency)
2025-01-10 18:15:35,823 - DEBUG - 1 running tasks, waiting for next task to finish
2025-01-10 18:15:35,824 - INFO - Informed scheduler that task   Extract_API_currency_b6815482e3   has status   DONE
2025-01-10 18:15:35,824 - DEBUG - Asking scheduler for work...
2025-01-10 18:15:35,828 - DEBUG - Pending tasks: 2
2025-01-10 18:15:35,828 - INFO - [pid 24400] Worker Worker(salt=2945111175, workers=1, host=DESKTOP-KIQCHDD, username=ihdarsyd, pid=24400) running   Load_STG()
2025-01-10 18:15:35,870 - INFO - Read Extracted Data - SUCCESS
2025-01-10 18:15:35,870 - INFO - Connect to STG - SUCCESS
2025-01-10 18:15:35,870 - INFO - ==================================STARTING LOAD DATA TO STG=======================================
2025-01-10 18:15:35,917 - INFO - LOAD STAGING 'currency' - SUCCESS.
2025-01-10 18:15:35,966 - INFO - LOAD STAGING 'person' - SUCCESS.
2025-01-10 18:15:36,021 - INFO - LOAD STAGING 'employee' - SUCCESS.
2025-01-10 18:15:36,089 - INFO - LOAD STAGING 'product' - SUCCESS.
2025-01-10 18:15:36,165 - INFO - LOAD STAGING 'shipmethod' - SUCCESS.
2025-01-10 18:15:36,246 - INFO - LOAD STAGING 'currencyrate' - SUCCESS.
2025-01-10 18:15:36,308 - INFO - LOAD STAGING 'salesreason' - SUCCESS.
2025-01-10 18:15:36,389 - INFO - LOAD STAGING 'salesterritory' - SUCCESS.
2025-01-10 18:15:36,445 - INFO - LOAD STAGING 'specialoffer' - SUCCESS.
2025-01-10 18:15:36,505 - INFO - LOAD STAGING 'salesperson' - SUCCESS.
2025-01-10 18:15:36,570 - INFO - LOAD STAGING 'store' - SUCCESS.
2025-01-10 18:15:36,640 - INFO - LOAD STAGING 'customer' - SUCCESS.
2025-01-10 18:15:36,692 - INFO - LOAD STAGING 'specialofferproduct' - SUCCESS.
2025-01-10 18:15:36,764 - INFO - LOAD STAGING 'salespersonquotahistory' - SUCCESS.
2025-01-10 18:15:36,829 - INFO - LOAD STAGING 'salesterritoryhistory' - SUCCESS.
2025-01-10 18:15:36,868 - INFO - LOAD STAGING 'shoppingcartitem' - SUCCESS.
2025-01-10 18:15:36,950 - INFO - LOAD STAGING 'salesorderheader' - SUCCESS.
2025-01-10 18:15:37,008 - INFO - LOAD STAGING 'salesorderdetail' - SUCCESS.
2025-01-10 18:15:37,060 - INFO - LOAD STAGING 'salesorderheadersalesreason' - SUCCESS.
2025-01-10 18:15:37,122 - INFO - ==================================ENDING LOAD DATA TO STG=======================================
2025-01-10 18:15:37,122 - INFO - [pid 24400] Worker Worker(salt=2945111175, workers=1, host=DESKTOP-KIQCHDD, username=ihdarsyd, pid=24400) done      Load_STG()
2025-01-10 18:15:37,124 - DEBUG - 1 running tasks, waiting for next task to finish
2025-01-10 18:15:37,128 - INFO - Informed scheduler that task   Load_STG__99914b932b   has status   DONE
2025-01-10 18:15:37,128 - DEBUG - Asking scheduler for work...
2025-01-10 18:15:37,128 - DEBUG - Pending tasks: 1
2025-01-10 18:15:37,132 - INFO - [pid 24400] Worker Worker(salt=2945111175, workers=1, host=DESKTOP-KIQCHDD, username=ihdarsyd, pid=24400) running   Extract_STG()
2025-01-10 18:15:37,132 - ERROR - [pid 24400] Worker Worker(salt=2945111175, workers=1, host=DESKTOP-KIQCHDD, username=ihdarsyd, pid=24400) failed    Extract_STG()
Traceback (most recent call last):
  File "C:\Users\ihdarsyd\AppData\Local\Packages\PythonSoftwareFoundation.Python.3.11_qbz5n2kfra8p0\LocalCache\local-packages\Python311\site-packages\luigi\worker.py", line 188, in run
    nonexistent_outputs = [output for output in dep.output() if not output.exists()]
                          ^^^^^^^^^^^^^^^^^^^^^^^^^^^^^^^^^^^^^^^^^^^^^^^^^^^^^^^^^^
TypeError: 'NoneType' object is not iterable
2025-01-10 18:15:37,146 - DEBUG - 1 running tasks, waiting for next task to finish
2025-01-10 18:15:37,154 - INFO - Informed scheduler that task   Extract_STG__99914b932b   has status   FAILED
2025-01-10 18:15:37,155 - DEBUG - Asking scheduler for work...
2025-01-10 18:15:37,158 - DEBUG - Done
2025-01-10 18:15:37,159 - DEBUG - There are no more tasks to run at this time
2025-01-10 18:15:37,159 - DEBUG - There are 1 pending tasks possibly being run by other workers
2025-01-10 18:15:37,160 - DEBUG - There are 1 pending tasks unique to this worker
2025-01-10 18:15:37,160 - DEBUG - There are 1 pending tasks last scheduled by this worker
2025-01-10 18:15:37,161 - INFO - Worker Worker(salt=2945111175, workers=1, host=DESKTOP-KIQCHDD, username=ihdarsyd, pid=24400) was stopped. Shutting down Keep-Alive thread
2025-01-10 18:15:37,161 - INFO - 
===== Luigi Execution Summary =====

Scheduled 4 tasks of which:
* 3 ran successfully:
    - 1 Extract_API(data_name=currency)
    - 1 Extract_DB()
    - 1 Load_STG()
* 1 failed:
    - 1 Extract_STG()

This progress looks :( because there were failed tasks

===== Luigi Execution Summary =====

2025-01-10 18:25:54,098 - INFO - ==================================STARTING EXTRACT DATA=======================================
2025-01-10 18:25:54,193 - INFO - EXTRACT 'currency' - SUCCESS.
2025-01-10 18:25:54,997 - INFO - EXTRACT 'person' - SUCCESS.
2025-01-10 18:25:55,159 - INFO - EXTRACT 'employee' - SUCCESS.
2025-01-10 18:25:55,278 - INFO - EXTRACT 'product' - SUCCESS.
2025-01-10 18:25:55,345 - INFO - EXTRACT 'shipmethod' - SUCCESS.
2025-01-10 18:25:55,662 - INFO - EXTRACT 'currencyrate' - SUCCESS.
2025-01-10 18:25:55,758 - INFO - EXTRACT 'salesreason' - SUCCESS.
2025-01-10 18:25:55,855 - INFO - EXTRACT 'salesterritory' - SUCCESS.
2025-01-10 18:25:55,953 - INFO - EXTRACT 'specialoffer' - SUCCESS.
2025-01-10 18:25:56,040 - INFO - EXTRACT 'salesperson' - SUCCESS.
2025-01-10 18:25:56,138 - INFO - EXTRACT 'store' - SUCCESS.
2025-01-10 18:25:56,617 - INFO - EXTRACT 'customer' - SUCCESS.
2025-01-10 18:25:56,708 - INFO - EXTRACT 'specialofferproduct' - SUCCESS.
2025-01-10 18:25:56,817 - INFO - EXTRACT 'salespersonquotahistory' - SUCCESS.
2025-01-10 18:25:56,891 - INFO - EXTRACT 'salesterritoryhistory' - SUCCESS.
2025-01-10 18:25:56,989 - INFO - EXTRACT 'shoppingcartitem' - SUCCESS.
2025-01-10 18:25:58,445 - INFO - EXTRACT 'salesorderheader' - SUCCESS.
2025-01-10 18:26:01,050 - INFO - EXTRACT 'salesorderdetail' - SUCCESS.
2025-01-10 18:26:01,460 - INFO - EXTRACT 'salesorderheadersalesreason' - SUCCESS.
2025-01-10 18:26:01,522 - INFO - Extract All Tables From Sources - SUCCESS
2025-01-10 18:26:01,522 - INFO - ==================================ENDING EXTRACT DATA=======================================
2025-01-10 18:26:01,525 - INFO - [pid 27140] Worker Worker(salt=4606583349, workers=1, host=DESKTOP-KIQCHDD, username=ihdarsyd, pid=27140) done      Extract_STG()
2025-01-10 18:26:01,525 - DEBUG - 1 running tasks, waiting for next task to finish
2025-01-10 18:26:01,528 - INFO - Informed scheduler that task   Extract_STG__99914b932b   has status   DONE
2025-01-10 18:26:01,528 - DEBUG - Asking scheduler for work...
2025-01-10 18:26:01,533 - DEBUG - Pending tasks: 2
2025-01-10 18:26:01,533 - INFO - [pid 27140] Worker Worker(salt=4606583349, workers=1, host=DESKTOP-KIQCHDD, username=ihdarsyd, pid=27140) running   Extract_DB()
2025-01-10 18:26:01,535 - INFO - ==================================STARTING EXTRACT DATA=======================================
2025-01-10 18:26:01,627 - INFO - EXTRACT 'person' - SUCCESS.
2025-01-10 18:26:01,745 - INFO - EXTRACT 'employee' - SUCCESS.
2025-01-10 18:26:01,849 - INFO - EXTRACT 'product' - SUCCESS.
2025-01-10 18:26:01,940 - INFO - EXTRACT 'shipmethod' - SUCCESS.
2025-01-10 18:26:02,033 - INFO - EXTRACT 'currencyrate' - SUCCESS.
2025-01-10 18:26:02,153 - INFO - EXTRACT 'salesreason' - SUCCESS.
2025-01-10 18:26:02,264 - INFO - EXTRACT 'salesterritory' - SUCCESS.
2025-01-10 18:26:02,376 - INFO - EXTRACT 'specialoffer' - SUCCESS.
2025-01-10 18:26:02,488 - INFO - EXTRACT 'salesperson' - SUCCESS.
2025-01-10 18:26:02,579 - INFO - EXTRACT 'store' - SUCCESS.
2025-01-10 18:26:02,720 - INFO - EXTRACT 'customer' - SUCCESS.
2025-01-10 18:26:02,812 - INFO - EXTRACT 'specialofferproduct' - SUCCESS.
2025-01-10 18:26:02,907 - INFO - EXTRACT 'salespersonquotahistory' - SUCCESS.
2025-01-10 18:26:03,006 - INFO - EXTRACT 'salesterritoryhistory' - SUCCESS.
2025-01-10 18:26:03,144 - INFO - EXTRACT 'shoppingcartitem' - SUCCESS.
2025-01-10 18:26:03,282 - INFO - EXTRACT 'salesorderheader' - SUCCESS.
2025-01-10 18:26:03,400 - INFO - EXTRACT 'salesorderdetail' - SUCCESS.
2025-01-10 18:26:03,489 - INFO - EXTRACT 'salesorderheadersalesreason' - SUCCESS.
2025-01-10 18:26:03,537 - INFO - Extract All Tables From Sources - SUCCESS
2025-01-10 18:26:03,537 - INFO - ==================================ENDING EXTRACT DATA=======================================
2025-01-10 18:26:03,539 - INFO - [pid 27140] Worker Worker(salt=4606583349, workers=1, host=DESKTOP-KIQCHDD, username=ihdarsyd, pid=27140) done      Extract_DB()
2025-01-10 18:26:03,539 - DEBUG - 1 running tasks, waiting for next task to finish
2025-01-10 18:26:03,542 - INFO - Informed scheduler that task   Extract_DB__99914b932b   has status   DONE
2025-01-10 18:26:03,542 - DEBUG - Asking scheduler for work...
2025-01-10 18:26:03,546 - DEBUG - Pending tasks: 1
2025-01-10 18:26:03,546 - INFO - [pid 27140] Worker Worker(salt=4606583349, workers=1, host=DESKTOP-KIQCHDD, username=ihdarsyd, pid=27140) running   Extract_API(data_name=currency)
2025-01-10 18:26:03,548 - INFO - ==================================STARTING EXTRACT DATA API=======================================
2025-01-10 18:26:07,673 - INFO - EXTRACT 'currency' - SUCCESS.
2025-01-10 18:26:07,673 - INFO - Extract All Data API From Sources - SUCCESS
2025-01-10 18:26:07,730 - INFO - ==================================ENDING EXTRACT DATA=======================================
2025-01-10 18:26:07,730 - INFO - [pid 27140] Worker Worker(salt=4606583349, workers=1, host=DESKTOP-KIQCHDD, username=ihdarsyd, pid=27140) done      Extract_API(data_name=currency)
2025-01-10 18:26:07,731 - DEBUG - 1 running tasks, waiting for next task to finish
2025-01-10 18:26:07,732 - INFO - Informed scheduler that task   Extract_API_currency_b6815482e3   has status   DONE
2025-01-10 18:26:07,732 - DEBUG - Asking scheduler for work...
2025-01-10 18:26:07,739 - DEBUG - Done
2025-01-10 18:26:07,739 - DEBUG - There are no more tasks to run at this time
2025-01-10 18:26:07,739 - INFO - Worker Worker(salt=4606583349, workers=1, host=DESKTOP-KIQCHDD, username=ihdarsyd, pid=27140) was stopped. Shutting down Keep-Alive thread
2025-01-10 18:26:07,739 - INFO - 
===== Luigi Execution Summary =====

Scheduled 4 tasks of which:
* 1 complete ones were encountered:
    - 1 Load_STG()
* 3 ran successfully:
    - 1 Extract_API(data_name=currency)
    - 1 Extract_DB()
    - 1 Extract_STG()

This progress looks :) because there were no failed tasks or missing dependencies

===== Luigi Execution Summary =====

2025-01-10 18:26:46,012 - INFO - ==================================STARTING EXTRACT DATA=======================================
2025-01-10 18:26:46,161 - INFO - EXTRACT 'currency' - SUCCESS.
2025-01-10 18:26:46,940 - INFO - EXTRACT 'person' - SUCCESS.
2025-01-10 18:26:47,098 - INFO - EXTRACT 'employee' - SUCCESS.
2025-01-10 18:26:47,214 - INFO - EXTRACT 'product' - SUCCESS.
2025-01-10 18:26:47,351 - INFO - EXTRACT 'shipmethod' - SUCCESS.
2025-01-10 18:26:47,654 - INFO - EXTRACT 'currencyrate' - SUCCESS.
2025-01-10 18:26:47,795 - INFO - EXTRACT 'salesreason' - SUCCESS.
2025-01-10 18:26:47,911 - INFO - EXTRACT 'salesterritory' - SUCCESS.
2025-01-10 18:26:48,010 - INFO - EXTRACT 'specialoffer' - SUCCESS.
2025-01-10 18:26:48,117 - INFO - EXTRACT 'salesperson' - SUCCESS.
2025-01-10 18:26:48,209 - INFO - EXTRACT 'store' - SUCCESS.
2025-01-10 18:26:48,660 - INFO - EXTRACT 'customer' - SUCCESS.
2025-01-10 18:26:48,768 - INFO - EXTRACT 'specialofferproduct' - SUCCESS.
2025-01-10 18:26:48,876 - INFO - EXTRACT 'salespersonquotahistory' - SUCCESS.
2025-01-10 18:26:48,983 - INFO - EXTRACT 'salesterritoryhistory' - SUCCESS.
2025-01-10 18:26:49,062 - INFO - EXTRACT 'shoppingcartitem' - SUCCESS.
2025-01-10 18:26:50,440 - INFO - EXTRACT 'salesorderheader' - SUCCESS.
2025-01-10 18:26:52,959 - INFO - EXTRACT 'salesorderdetail' - SUCCESS.
2025-01-10 18:26:53,300 - INFO - EXTRACT 'salesorderheadersalesreason' - SUCCESS.
2025-01-10 18:26:53,377 - INFO - Extract All Tables From Sources - SUCCESS
2025-01-10 18:26:53,378 - INFO - ==================================ENDING EXTRACT DATA=======================================
2025-01-10 18:26:53,378 - INFO - [pid 11376] Worker Worker(salt=6252626392, workers=1, host=DESKTOP-KIQCHDD, username=ihdarsyd, pid=11376) done      Extract_STG()
2025-01-10 18:26:53,380 - DEBUG - 1 running tasks, waiting for next task to finish
2025-01-10 18:26:53,388 - INFO - Informed scheduler that task   Extract_STG__99914b932b   has status   DONE
2025-01-10 18:26:53,389 - DEBUG - Asking scheduler for work...
2025-01-10 18:26:53,394 - DEBUG - Pending tasks: 2
2025-01-10 18:26:53,394 - INFO - [pid 11376] Worker Worker(salt=6252626392, workers=1, host=DESKTOP-KIQCHDD, username=ihdarsyd, pid=11376) running   Extract_DB()
2025-01-10 18:26:53,397 - INFO - ==================================STARTING EXTRACT DATA=======================================
2025-01-10 18:26:53,480 - INFO - EXTRACT 'person' - SUCCESS.
2025-01-10 18:26:53,556 - INFO - EXTRACT 'employee' - SUCCESS.
2025-01-10 18:26:53,669 - INFO - EXTRACT 'product' - SUCCESS.
2025-01-10 18:26:53,740 - INFO - EXTRACT 'shipmethod' - SUCCESS.
2025-01-10 18:26:53,828 - INFO - EXTRACT 'currencyrate' - SUCCESS.
2025-01-10 18:26:53,925 - INFO - EXTRACT 'salesreason' - SUCCESS.
2025-01-10 18:26:54,033 - INFO - EXTRACT 'salesterritory' - SUCCESS.
2025-01-10 18:26:54,129 - INFO - EXTRACT 'specialoffer' - SUCCESS.
2025-01-10 18:26:54,222 - INFO - EXTRACT 'salesperson' - SUCCESS.
2025-01-10 18:26:54,316 - INFO - EXTRACT 'store' - SUCCESS.
2025-01-10 18:26:54,413 - INFO - EXTRACT 'customer' - SUCCESS.
2025-01-10 18:26:54,498 - INFO - EXTRACT 'specialofferproduct' - SUCCESS.
2025-01-10 18:26:54,580 - INFO - EXTRACT 'salespersonquotahistory' - SUCCESS.
2025-01-10 18:26:54,706 - INFO - EXTRACT 'salesterritoryhistory' - SUCCESS.
2025-01-10 18:26:54,845 - INFO - EXTRACT 'shoppingcartitem' - SUCCESS.
2025-01-10 18:26:54,976 - INFO - EXTRACT 'salesorderheader' - SUCCESS.
2025-01-10 18:26:55,109 - INFO - EXTRACT 'salesorderdetail' - SUCCESS.
2025-01-10 18:26:55,236 - INFO - EXTRACT 'salesorderheadersalesreason' - SUCCESS.
2025-01-10 18:26:55,293 - INFO - Extract All Tables From Sources - SUCCESS
2025-01-10 18:26:55,294 - INFO - ==================================ENDING EXTRACT DATA=======================================
2025-01-10 18:26:55,294 - INFO - [pid 11376] Worker Worker(salt=6252626392, workers=1, host=DESKTOP-KIQCHDD, username=ihdarsyd, pid=11376) done      Extract_DB()
2025-01-10 18:26:55,294 - DEBUG - 1 running tasks, waiting for next task to finish
2025-01-10 18:26:55,300 - INFO - Informed scheduler that task   Extract_DB__99914b932b   has status   DONE
2025-01-10 18:26:55,300 - DEBUG - Asking scheduler for work...
2025-01-10 18:26:55,304 - DEBUG - Pending tasks: 1
2025-01-10 18:26:55,305 - INFO - [pid 11376] Worker Worker(salt=6252626392, workers=1, host=DESKTOP-KIQCHDD, username=ihdarsyd, pid=11376) running   Extract_API(data_name=currency)
2025-01-10 18:26:55,306 - INFO - ==================================STARTING EXTRACT DATA API=======================================
2025-01-10 18:26:56,149 - INFO - EXTRACT 'currency' - SUCCESS.
2025-01-10 18:26:56,149 - INFO - Extract All Data API From Sources - SUCCESS
2025-01-10 18:26:56,202 - INFO - ==================================ENDING EXTRACT DATA=======================================
2025-01-10 18:26:56,202 - INFO - [pid 11376] Worker Worker(salt=6252626392, workers=1, host=DESKTOP-KIQCHDD, username=ihdarsyd, pid=11376) done      Extract_API(data_name=currency)
2025-01-10 18:26:56,202 - DEBUG - 1 running tasks, waiting for next task to finish
2025-01-10 18:26:56,202 - INFO - Informed scheduler that task   Extract_API_currency_b6815482e3   has status   DONE
2025-01-10 18:26:56,202 - DEBUG - Asking scheduler for work...
2025-01-10 18:26:56,208 - DEBUG - Done
2025-01-10 18:26:56,208 - DEBUG - There are no more tasks to run at this time
2025-01-10 18:26:56,208 - INFO - Worker Worker(salt=6252626392, workers=1, host=DESKTOP-KIQCHDD, username=ihdarsyd, pid=11376) was stopped. Shutting down Keep-Alive thread
2025-01-10 18:26:56,211 - INFO - 
===== Luigi Execution Summary =====

Scheduled 4 tasks of which:
* 1 complete ones were encountered:
    - 1 Load_STG()
* 3 ran successfully:
    - 1 Extract_API(data_name=currency)
    - 1 Extract_DB()
    - 1 Extract_STG()

This progress looks :) because there were no failed tasks or missing dependencies

===== Luigi Execution Summary =====

2025-01-10 18:27:13,208 - INFO - ==================================STARTING EXTRACT DATA=======================================
2025-01-10 18:27:13,313 - INFO - EXTRACT 'currency' - SUCCESS.
2025-01-10 18:27:14,169 - INFO - EXTRACT 'person' - SUCCESS.
2025-01-10 18:27:14,322 - INFO - EXTRACT 'employee' - SUCCESS.
2025-01-10 18:27:14,423 - INFO - EXTRACT 'product' - SUCCESS.
2025-01-10 18:27:14,522 - INFO - EXTRACT 'shipmethod' - SUCCESS.
2025-01-10 18:27:14,801 - INFO - EXTRACT 'currencyrate' - SUCCESS.
2025-01-10 18:27:14,879 - INFO - EXTRACT 'salesreason' - SUCCESS.
2025-01-10 18:27:14,976 - INFO - EXTRACT 'salesterritory' - SUCCESS.
2025-01-10 18:27:15,078 - INFO - EXTRACT 'specialoffer' - SUCCESS.
2025-01-10 18:27:15,184 - INFO - EXTRACT 'salesperson' - SUCCESS.
2025-01-10 18:27:15,309 - INFO - EXTRACT 'store' - SUCCESS.
2025-01-10 18:27:15,760 - INFO - EXTRACT 'customer' - SUCCESS.
2025-01-10 18:27:15,876 - INFO - EXTRACT 'specialofferproduct' - SUCCESS.
2025-01-10 18:27:15,975 - INFO - EXTRACT 'salespersonquotahistory' - SUCCESS.
2025-01-10 18:27:16,088 - INFO - EXTRACT 'salesterritoryhistory' - SUCCESS.
2025-01-10 18:27:16,186 - INFO - EXTRACT 'shoppingcartitem' - SUCCESS.
2025-01-10 18:27:17,588 - INFO - EXTRACT 'salesorderheader' - SUCCESS.
2025-01-10 18:27:20,270 - INFO - EXTRACT 'salesorderdetail' - SUCCESS.
2025-01-10 18:27:20,648 - INFO - EXTRACT 'salesorderheadersalesreason' - SUCCESS.
2025-01-10 18:27:20,713 - INFO - Extract All Tables From Sources - SUCCESS
2025-01-10 18:27:20,714 - INFO - ==================================ENDING EXTRACT DATA=======================================
2025-01-10 18:27:20,714 - INFO - [pid 33480] Worker Worker(salt=8653311573, workers=1, host=DESKTOP-KIQCHDD, username=ihdarsyd, pid=33480) done      Extract_STG()
2025-01-10 18:27:20,715 - DEBUG - 1 running tasks, waiting for next task to finish
2025-01-10 18:27:20,718 - INFO - Informed scheduler that task   Extract_STG__99914b932b   has status   DONE
2025-01-10 18:27:20,718 - DEBUG - Asking scheduler for work...
2025-01-10 18:27:20,721 - DEBUG - Pending tasks: 2
2025-01-10 18:27:20,724 - INFO - [pid 33480] Worker Worker(salt=8653311573, workers=1, host=DESKTOP-KIQCHDD, username=ihdarsyd, pid=33480) running   Extract_DB()
2025-01-10 18:27:20,725 - INFO - ==================================STARTING EXTRACT DATA=======================================
2025-01-10 18:27:20,840 - INFO - EXTRACT 'person' - SUCCESS.
2025-01-10 18:27:20,953 - INFO - EXTRACT 'employee' - SUCCESS.
2025-01-10 18:27:21,083 - INFO - EXTRACT 'product' - SUCCESS.
2025-01-10 18:27:21,191 - INFO - EXTRACT 'shipmethod' - SUCCESS.
2025-01-10 18:27:21,326 - INFO - EXTRACT 'currencyrate' - SUCCESS.
2025-01-10 18:27:21,448 - INFO - EXTRACT 'salesreason' - SUCCESS.
2025-01-10 18:27:21,560 - INFO - EXTRACT 'salesterritory' - SUCCESS.
2025-01-10 18:27:21,688 - INFO - EXTRACT 'specialoffer' - SUCCESS.
2025-01-10 18:27:21,809 - INFO - EXTRACT 'salesperson' - SUCCESS.
2025-01-10 18:27:21,934 - INFO - EXTRACT 'store' - SUCCESS.
2025-01-10 18:27:22,030 - INFO - EXTRACT 'customer' - SUCCESS.
2025-01-10 18:27:22,153 - INFO - EXTRACT 'specialofferproduct' - SUCCESS.
2025-01-10 18:27:22,265 - INFO - EXTRACT 'salespersonquotahistory' - SUCCESS.
2025-01-10 18:27:22,363 - INFO - EXTRACT 'salesterritoryhistory' - SUCCESS.
2025-01-10 18:27:22,489 - INFO - EXTRACT 'shoppingcartitem' - SUCCESS.
2025-01-10 18:27:22,639 - INFO - EXTRACT 'salesorderheader' - SUCCESS.
2025-01-10 18:27:22,784 - INFO - EXTRACT 'salesorderdetail' - SUCCESS.
2025-01-10 18:27:22,936 - INFO - EXTRACT 'salesorderheadersalesreason' - SUCCESS.
2025-01-10 18:27:22,999 - INFO - Extract All Tables From Sources - SUCCESS
2025-01-10 18:27:22,999 - INFO - ==================================ENDING EXTRACT DATA=======================================
2025-01-10 18:27:23,000 - INFO - [pid 33480] Worker Worker(salt=8653311573, workers=1, host=DESKTOP-KIQCHDD, username=ihdarsyd, pid=33480) done      Extract_DB()
2025-01-10 18:27:23,000 - DEBUG - 1 running tasks, waiting for next task to finish
2025-01-10 18:27:23,005 - INFO - Informed scheduler that task   Extract_DB__99914b932b   has status   DONE
2025-01-10 18:27:23,006 - DEBUG - Asking scheduler for work...
2025-01-10 18:27:23,010 - DEBUG - Pending tasks: 1
2025-01-10 18:27:23,011 - INFO - [pid 33480] Worker Worker(salt=8653311573, workers=1, host=DESKTOP-KIQCHDD, username=ihdarsyd, pid=33480) running   Extract_API(data_name=currency)
2025-01-10 18:27:23,012 - INFO - ==================================STARTING EXTRACT DATA API=======================================
2025-01-10 18:27:23,854 - INFO - EXTRACT 'currency' - SUCCESS.
2025-01-10 18:27:23,854 - INFO - Extract All Data API From Sources - SUCCESS
2025-01-10 18:27:23,911 - INFO - ==================================ENDING EXTRACT DATA=======================================
2025-01-10 18:27:23,912 - INFO - [pid 33480] Worker Worker(salt=8653311573, workers=1, host=DESKTOP-KIQCHDD, username=ihdarsyd, pid=33480) done      Extract_API(data_name=currency)
2025-01-10 18:27:23,912 - DEBUG - 1 running tasks, waiting for next task to finish
2025-01-10 18:27:23,916 - INFO - Informed scheduler that task   Extract_API_currency_b6815482e3   has status   DONE
2025-01-10 18:27:23,916 - DEBUG - Asking scheduler for work...
2025-01-10 18:27:23,921 - DEBUG - Done
2025-01-10 18:27:23,921 - DEBUG - There are no more tasks to run at this time
2025-01-10 18:27:23,921 - INFO - Worker Worker(salt=8653311573, workers=1, host=DESKTOP-KIQCHDD, username=ihdarsyd, pid=33480) was stopped. Shutting down Keep-Alive thread
2025-01-10 18:27:23,921 - INFO - 
===== Luigi Execution Summary =====

Scheduled 4 tasks of which:
* 1 complete ones were encountered:
    - 1 Load_STG()
* 3 ran successfully:
    - 1 Extract_API(data_name=currency)
    - 1 Extract_DB()
    - 1 Extract_STG()

This progress looks :) because there were no failed tasks or missing dependencies

===== Luigi Execution Summary =====

2025-01-10 18:28:29,688 - INFO - ==================================STARTING EXTRACT DATA=======================================
2025-01-10 18:28:29,802 - INFO - EXTRACT 'currency' - SUCCESS.
2025-01-10 18:28:29,885 - INFO - EXTRACT 'person' - SUCCESS.
2025-01-10 18:28:29,985 - INFO - EXTRACT 'employee' - SUCCESS.
2025-01-10 18:28:30,091 - INFO - EXTRACT 'product' - SUCCESS.
2025-01-10 18:28:30,162 - INFO - EXTRACT 'shipmethod' - SUCCESS.
2025-01-10 18:28:30,270 - INFO - EXTRACT 'currencyrate' - SUCCESS.
2025-01-10 18:28:30,374 - INFO - EXTRACT 'salesreason' - SUCCESS.
2025-01-10 18:28:30,473 - INFO - EXTRACT 'salesterritory' - SUCCESS.
2025-01-10 18:28:30,597 - INFO - EXTRACT 'specialoffer' - SUCCESS.
2025-01-10 18:28:30,675 - INFO - EXTRACT 'salesperson' - SUCCESS.
2025-01-10 18:28:30,767 - INFO - EXTRACT 'store' - SUCCESS.
2025-01-10 18:28:30,878 - INFO - EXTRACT 'customer' - SUCCESS.
2025-01-10 18:28:30,962 - INFO - EXTRACT 'specialofferproduct' - SUCCESS.
2025-01-10 18:28:31,069 - INFO - EXTRACT 'salespersonquotahistory' - SUCCESS.
2025-01-10 18:28:31,148 - INFO - EXTRACT 'salesterritoryhistory' - SUCCESS.
2025-01-10 18:28:31,255 - INFO - EXTRACT 'shoppingcartitem' - SUCCESS.
2025-01-10 18:28:31,321 - INFO - EXTRACT 'salesorderheader' - SUCCESS.
2025-01-10 18:28:31,426 - INFO - EXTRACT 'salesorderdetail' - SUCCESS.
2025-01-10 18:28:31,547 - INFO - EXTRACT 'salesorderheadersalesreason' - SUCCESS.
2025-01-10 18:28:31,596 - INFO - Extract All Tables From Sources - SUCCESS
2025-01-10 18:28:31,596 - INFO - ==================================ENDING EXTRACT DATA=======================================
2025-01-10 18:28:31,596 - INFO - [pid 19236] Worker Worker(salt=5770220829, workers=1, host=DESKTOP-KIQCHDD, username=ihdarsyd, pid=19236) done      Extract_STG()
2025-01-10 18:28:31,598 - DEBUG - 1 running tasks, waiting for next task to finish
2025-01-10 18:28:31,603 - INFO - Informed scheduler that task   Extract_STG__99914b932b   has status   DONE
2025-01-10 18:28:31,603 - DEBUG - Asking scheduler for work...
2025-01-10 18:28:31,607 - DEBUG - Pending tasks: 2
2025-01-10 18:28:31,607 - INFO - [pid 19236] Worker Worker(salt=5770220829, workers=1, host=DESKTOP-KIQCHDD, username=ihdarsyd, pid=19236) running   Extract_DB()
2025-01-10 18:28:31,609 - INFO - ==================================STARTING EXTRACT DATA=======================================
2025-01-10 18:28:32,539 - INFO - EXTRACT 'person' - SUCCESS.
2025-01-10 18:28:32,674 - INFO - EXTRACT 'employee' - SUCCESS.
2025-01-10 18:28:32,840 - INFO - EXTRACT 'product' - SUCCESS.
2025-01-10 18:28:32,956 - INFO - EXTRACT 'shipmethod' - SUCCESS.
2025-01-10 18:28:33,290 - INFO - EXTRACT 'currencyrate' - SUCCESS.
2025-01-10 18:28:33,409 - INFO - EXTRACT 'salesreason' - SUCCESS.
2025-01-10 18:28:33,529 - INFO - EXTRACT 'salesterritory' - SUCCESS.
2025-01-10 18:28:33,659 - INFO - EXTRACT 'specialoffer' - SUCCESS.
2025-01-10 18:28:33,790 - INFO - EXTRACT 'salesperson' - SUCCESS.
2025-01-10 18:28:33,982 - INFO - EXTRACT 'store' - SUCCESS.
2025-01-10 18:28:34,493 - INFO - EXTRACT 'customer' - SUCCESS.
2025-01-10 18:28:34,628 - INFO - EXTRACT 'specialofferproduct' - SUCCESS.
2025-01-10 18:28:34,751 - INFO - EXTRACT 'salespersonquotahistory' - SUCCESS.
2025-01-10 18:28:34,846 - INFO - EXTRACT 'salesterritoryhistory' - SUCCESS.
2025-01-10 18:28:34,983 - INFO - EXTRACT 'shoppingcartitem' - SUCCESS.
2025-01-10 18:28:36,558 - INFO - EXTRACT 'salesorderheader' - SUCCESS.
2025-01-10 18:28:39,210 - INFO - EXTRACT 'salesorderdetail' - SUCCESS.
2025-01-10 18:28:39,520 - INFO - EXTRACT 'salesorderheadersalesreason' - SUCCESS.
2025-01-10 18:28:39,579 - INFO - Extract All Tables From Sources - SUCCESS
2025-01-10 18:28:39,579 - INFO - ==================================ENDING EXTRACT DATA=======================================
2025-01-10 18:28:39,579 - INFO - [pid 19236] Worker Worker(salt=5770220829, workers=1, host=DESKTOP-KIQCHDD, username=ihdarsyd, pid=19236) done      Extract_DB()
2025-01-10 18:28:39,581 - DEBUG - 1 running tasks, waiting for next task to finish
2025-01-10 18:28:39,581 - INFO - Informed scheduler that task   Extract_DB__99914b932b   has status   DONE
2025-01-10 18:28:39,581 - DEBUG - Asking scheduler for work...
2025-01-10 18:28:39,588 - DEBUG - Pending tasks: 1
2025-01-10 18:28:39,588 - INFO - [pid 19236] Worker Worker(salt=5770220829, workers=1, host=DESKTOP-KIQCHDD, username=ihdarsyd, pid=19236) running   Extract_API(data_name=currency)
2025-01-10 18:28:39,589 - INFO - ==================================STARTING EXTRACT DATA API=======================================
2025-01-10 18:28:40,301 - INFO - EXTRACT 'currency' - SUCCESS.
2025-01-10 18:28:40,301 - INFO - Extract All Data API From Sources - SUCCESS
2025-01-10 18:28:40,335 - INFO - ==================================ENDING EXTRACT DATA=======================================
2025-01-10 18:28:40,337 - INFO - [pid 19236] Worker Worker(salt=5770220829, workers=1, host=DESKTOP-KIQCHDD, username=ihdarsyd, pid=19236) done      Extract_API(data_name=currency)
2025-01-10 18:28:40,337 - DEBUG - 1 running tasks, waiting for next task to finish
2025-01-10 18:28:40,339 - INFO - Informed scheduler that task   Extract_API_currency_b6815482e3   has status   DONE
2025-01-10 18:28:40,339 - DEBUG - Asking scheduler for work...
2025-01-10 18:28:40,344 - DEBUG - Done
2025-01-10 18:28:40,344 - DEBUG - There are no more tasks to run at this time
2025-01-10 18:28:40,345 - INFO - Worker Worker(salt=5770220829, workers=1, host=DESKTOP-KIQCHDD, username=ihdarsyd, pid=19236) was stopped. Shutting down Keep-Alive thread
2025-01-10 18:28:40,346 - INFO - 
===== Luigi Execution Summary =====

Scheduled 4 tasks of which:
* 1 complete ones were encountered:
    - 1 Load_STG()
* 3 ran successfully:
    - 1 Extract_API(data_name=currency)
    - 1 Extract_DB()
    - 1 Extract_STG()

This progress looks :) because there were no failed tasks or missing dependencies

===== Luigi Execution Summary =====

2025-01-10 18:30:41,855 - INFO - ==================================STARTING EXTRACT DATA=======================================
2025-01-10 18:30:42,606 - INFO - EXTRACT 'person' - SUCCESS.
2025-01-10 18:30:42,821 - INFO - EXTRACT 'employee' - SUCCESS.
2025-01-10 18:30:42,958 - INFO - EXTRACT 'product' - SUCCESS.
2025-01-10 18:30:43,050 - INFO - EXTRACT 'shipmethod' - SUCCESS.
2025-01-10 18:30:43,290 - INFO - EXTRACT 'currencyrate' - SUCCESS.
2025-01-10 18:30:43,392 - INFO - EXTRACT 'salesreason' - SUCCESS.
2025-01-10 18:30:43,492 - INFO - EXTRACT 'salesterritory' - SUCCESS.
2025-01-10 18:30:43,591 - INFO - EXTRACT 'specialoffer' - SUCCESS.
2025-01-10 18:30:43,686 - INFO - EXTRACT 'salesperson' - SUCCESS.
2025-01-10 18:30:43,771 - INFO - EXTRACT 'store' - SUCCESS.
2025-01-10 18:30:44,154 - INFO - EXTRACT 'customer' - SUCCESS.
2025-01-10 18:30:44,262 - INFO - EXTRACT 'specialofferproduct' - SUCCESS.
2025-01-10 18:30:44,372 - INFO - EXTRACT 'salespersonquotahistory' - SUCCESS.
2025-01-10 18:30:44,478 - INFO - EXTRACT 'salesterritoryhistory' - SUCCESS.
2025-01-10 18:30:44,560 - INFO - EXTRACT 'shoppingcartitem' - SUCCESS.
2025-01-10 18:30:45,890 - INFO - EXTRACT 'salesorderheader' - SUCCESS.
2025-01-10 18:30:48,200 - INFO - EXTRACT 'salesorderdetail' - SUCCESS.
2025-01-10 18:30:48,432 - INFO - EXTRACT 'salesorderheadersalesreason' - SUCCESS.
2025-01-10 18:30:48,476 - INFO - Extract All Tables From Sources - SUCCESS
2025-01-10 18:30:48,476 - INFO - ==================================ENDING EXTRACT DATA=======================================
2025-01-10 18:30:48,476 - INFO - [pid 22284] Worker Worker(salt=8390328841, workers=1, host=DESKTOP-KIQCHDD, username=ihdarsyd, pid=22284) done      Extract_DB()
2025-01-10 18:30:48,478 - DEBUG - 1 running tasks, waiting for next task to finish
2025-01-10 18:30:48,481 - INFO - Informed scheduler that task   Extract_DB__99914b932b   has status   DONE
2025-01-10 18:30:48,482 - DEBUG - Asking scheduler for work...
2025-01-10 18:30:48,485 - DEBUG - Pending tasks: 2
2025-01-10 18:30:48,485 - INFO - [pid 22284] Worker Worker(salt=8390328841, workers=1, host=DESKTOP-KIQCHDD, username=ihdarsyd, pid=22284) running   Extract_API(data_name=currency)
2025-01-10 18:30:48,485 - INFO - ==================================STARTING EXTRACT DATA API=======================================
2025-01-10 18:30:49,699 - INFO - EXTRACT 'currency' - SUCCESS.
2025-01-10 18:30:49,699 - INFO - Extract All Data API From Sources - SUCCESS
2025-01-10 18:30:49,766 - INFO - ==================================ENDING EXTRACT DATA=======================================
2025-01-10 18:30:49,766 - INFO - [pid 22284] Worker Worker(salt=8390328841, workers=1, host=DESKTOP-KIQCHDD, username=ihdarsyd, pid=22284) done      Extract_API(data_name=currency)
2025-01-10 18:30:49,767 - DEBUG - 1 running tasks, waiting for next task to finish
2025-01-10 18:30:49,770 - INFO - Informed scheduler that task   Extract_API_currency_b6815482e3   has status   DONE
2025-01-10 18:30:49,770 - DEBUG - Asking scheduler for work...
2025-01-10 18:30:49,773 - DEBUG - Done
2025-01-10 18:30:49,773 - DEBUG - There are no more tasks to run at this time
2025-01-10 18:30:49,774 - DEBUG - There are 1 pending tasks possibly being run by other workers
2025-01-10 18:30:49,774 - DEBUG - There are 1 pending tasks unique to this worker
2025-01-10 18:30:49,774 - DEBUG - There are 1 pending tasks last scheduled by this worker
2025-01-10 18:30:49,774 - INFO - Worker Worker(salt=8390328841, workers=1, host=DESKTOP-KIQCHDD, username=ihdarsyd, pid=22284) was stopped. Shutting down Keep-Alive thread
2025-01-10 18:30:49,777 - INFO - 
===== Luigi Execution Summary =====

Scheduled 4 tasks of which:
* 2 ran successfully:
    - 1 Extract_API(data_name=currency)
    - 1 Extract_DB()
* 1 failed scheduling:
    - 1 Load_STG()
* 1 were left pending, among these:
    * 1 had dependencies whose scheduling failed:
        - 1 Extract_STG()

This progress looks :( because there were tasks whose scheduling failed

===== Luigi Execution Summary =====

2025-01-10 18:32:26,488 - INFO - ==================================STARTING EXTRACT DATA=======================================
2025-01-10 18:32:26,605 - INFO - EXTRACT 'currency' - SUCCESS.
2025-01-10 18:32:26,684 - INFO - EXTRACT 'person' - SUCCESS.
2025-01-10 18:32:26,771 - INFO - EXTRACT 'employee' - SUCCESS.
2025-01-10 18:32:26,861 - INFO - EXTRACT 'product' - SUCCESS.
2025-01-10 18:32:26,929 - INFO - EXTRACT 'shipmethod' - SUCCESS.
2025-01-10 18:32:27,029 - INFO - EXTRACT 'currencyrate' - SUCCESS.
2025-01-10 18:32:27,128 - INFO - EXTRACT 'salesreason' - SUCCESS.
2025-01-10 18:32:27,227 - INFO - EXTRACT 'salesterritory' - SUCCESS.
2025-01-10 18:32:27,316 - INFO - EXTRACT 'specialoffer' - SUCCESS.
2025-01-10 18:32:27,406 - INFO - EXTRACT 'salesperson' - SUCCESS.
2025-01-10 18:32:27,489 - INFO - EXTRACT 'store' - SUCCESS.
2025-01-10 18:32:27,624 - INFO - EXTRACT 'customer' - SUCCESS.
2025-01-10 18:32:27,713 - INFO - EXTRACT 'specialofferproduct' - SUCCESS.
2025-01-10 18:32:27,806 - INFO - EXTRACT 'salespersonquotahistory' - SUCCESS.
2025-01-10 18:32:27,916 - INFO - EXTRACT 'salesterritoryhistory' - SUCCESS.
2025-01-10 18:32:28,011 - INFO - EXTRACT 'shoppingcartitem' - SUCCESS.
2025-01-10 18:32:28,111 - INFO - EXTRACT 'salesorderheader' - SUCCESS.
2025-01-10 18:32:28,193 - INFO - EXTRACT 'salesorderdetail' - SUCCESS.
2025-01-10 18:32:28,274 - INFO - EXTRACT 'salesorderheadersalesreason' - SUCCESS.
2025-01-10 18:32:28,308 - INFO - Extract All Tables From Sources - SUCCESS
2025-01-10 18:32:28,308 - INFO - ==================================ENDING EXTRACT DATA=======================================
2025-01-10 18:32:28,308 - INFO - [pid 22892] Worker Worker(salt=2078675914, workers=1, host=DESKTOP-KIQCHDD, username=ihdarsyd, pid=22892) done      Extract_STG()
2025-01-10 18:32:28,310 - DEBUG - 1 running tasks, waiting for next task to finish
2025-01-10 18:32:28,314 - INFO - Informed scheduler that task   Extract_STG__99914b932b   has status   DONE
2025-01-10 18:32:28,314 - DEBUG - Asking scheduler for work...
2025-01-10 18:32:28,319 - DEBUG - Pending tasks: 2
2025-01-10 18:32:28,319 - INFO - [pid 22892] Worker Worker(salt=2078675914, workers=1, host=DESKTOP-KIQCHDD, username=ihdarsyd, pid=22892) running   Extract_DB()
2025-01-10 18:32:28,320 - INFO - ==================================STARTING EXTRACT DATA=======================================
2025-01-10 18:32:29,158 - INFO - EXTRACT 'person' - SUCCESS.
2025-01-10 18:32:29,308 - INFO - EXTRACT 'employee' - SUCCESS.
2025-01-10 18:32:29,401 - INFO - EXTRACT 'product' - SUCCESS.
2025-01-10 18:32:29,499 - INFO - EXTRACT 'shipmethod' - SUCCESS.
2025-01-10 18:32:29,796 - INFO - EXTRACT 'currencyrate' - SUCCESS.
2025-01-10 18:32:29,899 - INFO - EXTRACT 'salesreason' - SUCCESS.
2025-01-10 18:32:29,984 - INFO - EXTRACT 'salesterritory' - SUCCESS.
2025-01-10 18:32:30,096 - INFO - EXTRACT 'specialoffer' - SUCCESS.
2025-01-10 18:32:30,204 - INFO - EXTRACT 'salesperson' - SUCCESS.
2025-01-10 18:32:30,288 - INFO - EXTRACT 'store' - SUCCESS.
2025-01-10 18:32:30,673 - INFO - EXTRACT 'customer' - SUCCESS.
2025-01-10 18:32:30,775 - INFO - EXTRACT 'specialofferproduct' - SUCCESS.
2025-01-10 18:32:30,880 - INFO - EXTRACT 'salespersonquotahistory' - SUCCESS.
2025-01-10 18:32:30,977 - INFO - EXTRACT 'salesterritoryhistory' - SUCCESS.
2025-01-10 18:32:31,058 - INFO - EXTRACT 'shoppingcartitem' - SUCCESS.
2025-01-10 18:32:32,380 - INFO - EXTRACT 'salesorderheader' - SUCCESS.
2025-01-10 18:32:34,658 - INFO - EXTRACT 'salesorderdetail' - SUCCESS.
2025-01-10 18:32:34,983 - INFO - EXTRACT 'salesorderheadersalesreason' - SUCCESS.
2025-01-10 18:32:35,026 - INFO - Extract All Tables From Sources - SUCCESS
2025-01-10 18:32:35,026 - INFO - ==================================ENDING EXTRACT DATA=======================================
2025-01-10 18:32:35,026 - INFO - [pid 22892] Worker Worker(salt=2078675914, workers=1, host=DESKTOP-KIQCHDD, username=ihdarsyd, pid=22892) done      Extract_DB()
2025-01-10 18:32:35,028 - DEBUG - 1 running tasks, waiting for next task to finish
2025-01-10 18:32:35,028 - INFO - Informed scheduler that task   Extract_DB__99914b932b   has status   DONE
2025-01-10 18:32:35,032 - DEBUG - Asking scheduler for work...
2025-01-10 18:32:35,034 - DEBUG - Pending tasks: 1
2025-01-10 18:32:35,034 - INFO - [pid 22892] Worker Worker(salt=2078675914, workers=1, host=DESKTOP-KIQCHDD, username=ihdarsyd, pid=22892) running   Extract_API(data_name=currency)
2025-01-10 18:32:35,036 - INFO - ==================================STARTING EXTRACT DATA API=======================================
2025-01-10 18:32:36,020 - INFO - EXTRACT 'currency' - SUCCESS.
2025-01-10 18:32:36,020 - INFO - Extract All Data API From Sources - SUCCESS
2025-01-10 18:32:36,073 - INFO - ==================================ENDING EXTRACT DATA=======================================
2025-01-10 18:32:36,073 - INFO - [pid 22892] Worker Worker(salt=2078675914, workers=1, host=DESKTOP-KIQCHDD, username=ihdarsyd, pid=22892) done      Extract_API(data_name=currency)
2025-01-10 18:32:36,073 - DEBUG - 1 running tasks, waiting for next task to finish
2025-01-10 18:32:36,076 - INFO - Informed scheduler that task   Extract_API_currency_b6815482e3   has status   DONE
2025-01-10 18:32:36,076 - DEBUG - Asking scheduler for work...
2025-01-10 18:32:36,080 - DEBUG - Done
2025-01-10 18:32:36,080 - DEBUG - There are no more tasks to run at this time
2025-01-10 18:32:36,080 - INFO - Worker Worker(salt=2078675914, workers=1, host=DESKTOP-KIQCHDD, username=ihdarsyd, pid=22892) was stopped. Shutting down Keep-Alive thread
2025-01-10 18:32:36,082 - INFO - 
===== Luigi Execution Summary =====

Scheduled 4 tasks of which:
* 1 complete ones were encountered:
    - 1 Load_STG()
* 3 ran successfully:
    - 1 Extract_API(data_name=currency)
    - 1 Extract_DB()
    - 1 Extract_STG()

This progress looks :) because there were no failed tasks or missing dependencies

===== Luigi Execution Summary =====

2025-01-10 18:34:47,860 - INFO - ==================================STARTING EXTRACT DATA=======================================
2025-01-10 18:34:47,960 - INFO - EXTRACT 'currency' - SUCCESS.
2025-01-10 18:34:48,075 - INFO - EXTRACT 'person' - SUCCESS.
2025-01-10 18:34:48,164 - INFO - EXTRACT 'employee' - SUCCESS.
2025-01-10 18:34:48,265 - INFO - EXTRACT 'product' - SUCCESS.
2025-01-10 18:34:48,358 - INFO - EXTRACT 'shipmethod' - SUCCESS.
2025-01-10 18:34:48,446 - INFO - EXTRACT 'currencyrate' - SUCCESS.
2025-01-10 18:34:48,524 - INFO - EXTRACT 'salesreason' - SUCCESS.
2025-01-10 18:34:48,620 - INFO - EXTRACT 'salesterritory' - SUCCESS.
2025-01-10 18:34:48,712 - INFO - EXTRACT 'specialoffer' - SUCCESS.
2025-01-10 18:34:48,812 - INFO - EXTRACT 'salesperson' - SUCCESS.
2025-01-10 18:34:48,913 - INFO - EXTRACT 'store' - SUCCESS.
2025-01-10 18:34:49,013 - INFO - EXTRACT 'customer' - SUCCESS.
2025-01-10 18:34:49,105 - INFO - EXTRACT 'specialofferproduct' - SUCCESS.
2025-01-10 18:34:49,228 - INFO - EXTRACT 'salespersonquotahistory' - SUCCESS.
2025-01-10 18:34:49,335 - INFO - EXTRACT 'salesterritoryhistory' - SUCCESS.
2025-01-10 18:34:49,454 - INFO - EXTRACT 'shoppingcartitem' - SUCCESS.
2025-01-10 18:34:49,560 - INFO - EXTRACT 'salesorderheader' - SUCCESS.
2025-01-10 18:34:49,663 - INFO - EXTRACT 'salesorderdetail' - SUCCESS.
2025-01-10 18:34:49,782 - INFO - EXTRACT 'salesorderheadersalesreason' - SUCCESS.
2025-01-10 18:34:49,831 - INFO - Extract All Tables From Sources - SUCCESS
2025-01-10 18:34:49,831 - INFO - ==================================ENDING EXTRACT DATA=======================================
2025-01-10 18:34:49,831 - INFO - [pid 31316] Worker Worker(salt=4171749444, workers=1, host=DESKTOP-KIQCHDD, username=ihdarsyd, pid=31316) done      Extract_STG()
2025-01-10 18:34:49,833 - DEBUG - 1 running tasks, waiting for next task to finish
2025-01-10 18:34:49,837 - INFO - Informed scheduler that task   Extract_STG__99914b932b   has status   DONE
2025-01-10 18:34:49,838 - DEBUG - Asking scheduler for work...
2025-01-10 18:34:49,842 - DEBUG - Done
2025-01-10 18:34:49,842 - DEBUG - There are no more tasks to run at this time
2025-01-10 18:34:49,843 - INFO - Worker Worker(salt=4171749444, workers=1, host=DESKTOP-KIQCHDD, username=ihdarsyd, pid=31316) was stopped. Shutting down Keep-Alive thread
2025-01-10 18:34:49,844 - INFO - 
===== Luigi Execution Summary =====

Scheduled 2 tasks of which:
* 1 complete ones were encountered:
    - 1 Load_STG()
* 1 ran successfully:
    - 1 Extract_STG()

This progress looks :) because there were no failed tasks or missing dependencies

===== Luigi Execution Summary =====

2025-01-10 18:35:45,012 - INFO - ==================================STARTING EXTRACT DATA=======================================
2025-01-10 18:35:45,742 - INFO - EXTRACT 'person' - SUCCESS.
2025-01-10 18:35:45,930 - INFO - EXTRACT 'employee' - SUCCESS.
2025-01-10 18:35:46,062 - INFO - EXTRACT 'product' - SUCCESS.
2025-01-10 18:35:46,179 - INFO - EXTRACT 'shipmethod' - SUCCESS.
2025-01-10 18:35:46,469 - INFO - EXTRACT 'currencyrate' - SUCCESS.
2025-01-10 18:35:46,564 - INFO - EXTRACT 'salesreason' - SUCCESS.
2025-01-10 18:35:46,675 - INFO - EXTRACT 'salesterritory' - SUCCESS.
2025-01-10 18:35:46,790 - INFO - EXTRACT 'specialoffer' - SUCCESS.
2025-01-10 18:35:46,873 - INFO - EXTRACT 'salesperson' - SUCCESS.
2025-01-10 18:35:46,980 - INFO - EXTRACT 'store' - SUCCESS.
2025-01-10 18:35:47,371 - INFO - EXTRACT 'customer' - SUCCESS.
2025-01-10 18:35:47,475 - INFO - EXTRACT 'specialofferproduct' - SUCCESS.
2025-01-10 18:35:47,549 - INFO - EXTRACT 'salespersonquotahistory' - SUCCESS.
2025-01-10 18:35:47,652 - INFO - EXTRACT 'salesterritoryhistory' - SUCCESS.
2025-01-10 18:35:47,743 - INFO - EXTRACT 'shoppingcartitem' - SUCCESS.
2025-01-10 18:35:49,028 - INFO - EXTRACT 'salesorderheader' - SUCCESS.
2025-01-10 18:35:51,359 - INFO - EXTRACT 'salesorderdetail' - SUCCESS.
2025-01-10 18:35:51,582 - INFO - EXTRACT 'salesorderheadersalesreason' - SUCCESS.
2025-01-10 18:35:51,622 - INFO - Extract All Tables From Sources - SUCCESS
2025-01-10 18:35:51,622 - INFO - ==================================ENDING EXTRACT DATA=======================================
2025-01-10 18:35:51,622 - INFO - [pid 25568] Worker Worker(salt=3557229487, workers=1, host=DESKTOP-KIQCHDD, username=ihdarsyd, pid=25568) done      Extract_DB()
2025-01-10 18:35:51,625 - DEBUG - 1 running tasks, waiting for next task to finish
2025-01-10 18:35:51,629 - INFO - Informed scheduler that task   Extract_DB__99914b932b   has status   DONE
2025-01-10 18:35:51,629 - DEBUG - Asking scheduler for work...
2025-01-10 18:35:51,633 - DEBUG - Pending tasks: 2
2025-01-10 18:35:51,634 - INFO - [pid 25568] Worker Worker(salt=3557229487, workers=1, host=DESKTOP-KIQCHDD, username=ihdarsyd, pid=25568) running   Extract_API(data_name=currency)
2025-01-10 18:35:51,634 - INFO - ==================================STARTING EXTRACT DATA API=======================================
2025-01-10 18:35:52,370 - INFO - EXTRACT 'currency' - SUCCESS.
2025-01-10 18:35:52,370 - INFO - Extract All Data API From Sources - SUCCESS
2025-01-10 18:35:52,429 - INFO - ==================================ENDING EXTRACT DATA=======================================
2025-01-10 18:35:52,430 - INFO - [pid 25568] Worker Worker(salt=3557229487, workers=1, host=DESKTOP-KIQCHDD, username=ihdarsyd, pid=25568) done      Extract_API(data_name=currency)
2025-01-10 18:35:52,430 - DEBUG - 1 running tasks, waiting for next task to finish
2025-01-10 18:35:52,430 - INFO - Informed scheduler that task   Extract_API_currency_b6815482e3   has status   DONE
2025-01-10 18:35:52,430 - DEBUG - Asking scheduler for work...
2025-01-10 18:35:52,437 - DEBUG - Pending tasks: 1
2025-01-10 18:35:52,437 - INFO - [pid 25568] Worker Worker(salt=3557229487, workers=1, host=DESKTOP-KIQCHDD, username=ihdarsyd, pid=25568) running   Extract_STG()
2025-01-10 18:35:52,441 - INFO - ==================================STARTING EXTRACT DATA=======================================
2025-01-10 18:35:52,542 - INFO - EXTRACT 'currency' - SUCCESS.
2025-01-10 18:35:52,639 - INFO - EXTRACT 'person' - SUCCESS.
2025-01-10 18:35:52,720 - INFO - EXTRACT 'employee' - SUCCESS.
2025-01-10 18:35:52,822 - INFO - EXTRACT 'product' - SUCCESS.
2025-01-10 18:35:52,912 - INFO - EXTRACT 'shipmethod' - SUCCESS.
2025-01-10 18:35:53,026 - INFO - EXTRACT 'currencyrate' - SUCCESS.
2025-01-10 18:35:53,154 - INFO - EXTRACT 'salesreason' - SUCCESS.
2025-01-10 18:35:53,252 - INFO - EXTRACT 'salesterritory' - SUCCESS.
2025-01-10 18:35:53,334 - INFO - EXTRACT 'specialoffer' - SUCCESS.
2025-01-10 18:35:53,441 - INFO - EXTRACT 'salesperson' - SUCCESS.
2025-01-10 18:35:53,537 - INFO - EXTRACT 'store' - SUCCESS.
2025-01-10 18:35:53,694 - INFO - EXTRACT 'customer' - SUCCESS.
2025-01-10 18:35:53,774 - INFO - EXTRACT 'specialofferproduct' - SUCCESS.
2025-01-10 18:35:53,869 - INFO - EXTRACT 'salespersonquotahistory' - SUCCESS.
2025-01-10 18:35:53,970 - INFO - EXTRACT 'salesterritoryhistory' - SUCCESS.
2025-01-10 18:35:54,064 - INFO - EXTRACT 'shoppingcartitem' - SUCCESS.
2025-01-10 18:35:54,183 - INFO - EXTRACT 'salesorderheader' - SUCCESS.
2025-01-10 18:35:54,273 - INFO - EXTRACT 'salesorderdetail' - SUCCESS.
2025-01-10 18:35:54,400 - INFO - EXTRACT 'salesorderheadersalesreason' - SUCCESS.
2025-01-10 18:35:54,445 - INFO - Extract All Tables From Sources - SUCCESS
2025-01-10 18:35:54,445 - INFO - ==================================ENDING EXTRACT DATA=======================================
2025-01-10 18:35:54,447 - INFO - [pid 25568] Worker Worker(salt=3557229487, workers=1, host=DESKTOP-KIQCHDD, username=ihdarsyd, pid=25568) done      Extract_STG()
2025-01-10 18:35:54,448 - DEBUG - 1 running tasks, waiting for next task to finish
2025-01-10 18:35:54,449 - INFO - Informed scheduler that task   Extract_STG__99914b932b   has status   DONE
2025-01-10 18:35:54,449 - DEBUG - Asking scheduler for work...
2025-01-10 18:35:54,449 - DEBUG - Done
2025-01-10 18:35:54,449 - DEBUG - There are no more tasks to run at this time
2025-01-10 18:35:54,449 - INFO - Worker Worker(salt=3557229487, workers=1, host=DESKTOP-KIQCHDD, username=ihdarsyd, pid=25568) was stopped. Shutting down Keep-Alive thread
2025-01-10 18:35:54,455 - INFO - 
===== Luigi Execution Summary =====

Scheduled 4 tasks of which:
* 1 complete ones were encountered:
    - 1 Load_STG()
* 3 ran successfully:
    - 1 Extract_API(data_name=currency)
    - 1 Extract_DB()
    - 1 Extract_STG()

This progress looks :) because there were no failed tasks or missing dependencies

===== Luigi Execution Summary =====

2025-01-10 18:36:20,823 - INFO - ==================================STARTING EXTRACT DATA=======================================
2025-01-10 18:36:21,609 - INFO - EXTRACT 'person' - SUCCESS.
2025-01-10 18:36:21,788 - INFO - EXTRACT 'employee' - SUCCESS.
2025-01-10 18:36:21,891 - INFO - EXTRACT 'product' - SUCCESS.
2025-01-10 18:36:21,992 - INFO - EXTRACT 'shipmethod' - SUCCESS.
2025-01-10 18:36:22,248 - INFO - EXTRACT 'currencyrate' - SUCCESS.
2025-01-10 18:36:22,349 - INFO - EXTRACT 'salesreason' - SUCCESS.
2025-01-10 18:36:22,431 - INFO - EXTRACT 'salesterritory' - SUCCESS.
2025-01-10 18:36:22,528 - INFO - EXTRACT 'specialoffer' - SUCCESS.
2025-01-10 18:36:22,625 - INFO - EXTRACT 'salesperson' - SUCCESS.
2025-01-10 18:36:22,719 - INFO - EXTRACT 'store' - SUCCESS.
2025-01-10 18:36:23,102 - INFO - EXTRACT 'customer' - SUCCESS.
2025-01-10 18:36:23,225 - INFO - EXTRACT 'specialofferproduct' - SUCCESS.
2025-01-10 18:36:23,324 - INFO - EXTRACT 'salespersonquotahistory' - SUCCESS.
2025-01-10 18:36:23,418 - INFO - EXTRACT 'salesterritoryhistory' - SUCCESS.
2025-01-10 18:36:23,493 - INFO - EXTRACT 'shoppingcartitem' - SUCCESS.
2025-01-10 18:36:24,840 - INFO - EXTRACT 'salesorderheader' - SUCCESS.
2025-01-10 18:36:27,270 - INFO - EXTRACT 'salesorderdetail' - SUCCESS.
2025-01-10 18:36:27,499 - INFO - EXTRACT 'salesorderheadersalesreason' - SUCCESS.
2025-01-10 18:36:27,548 - INFO - Extract All Tables From Sources - SUCCESS
2025-01-10 18:36:27,549 - INFO - ==================================ENDING EXTRACT DATA=======================================
2025-01-10 18:36:27,549 - INFO - [pid 27544] Worker Worker(salt=6470096563, workers=1, host=DESKTOP-KIQCHDD, username=ihdarsyd, pid=27544) done      Extract_DB()
2025-01-10 18:36:27,550 - DEBUG - 1 running tasks, waiting for next task to finish
2025-01-10 18:36:27,550 - INFO - Informed scheduler that task   Extract_DB__99914b932b   has status   DONE
2025-01-10 18:36:27,550 - DEBUG - Asking scheduler for work...
2025-01-10 18:36:27,550 - DEBUG - Pending tasks: 2
2025-01-10 18:36:27,550 - INFO - [pid 27544] Worker Worker(salt=6470096563, workers=1, host=DESKTOP-KIQCHDD, username=ihdarsyd, pid=27544) running   Extract_API(data_name=currency)
2025-01-10 18:36:27,550 - INFO - ==================================STARTING EXTRACT DATA API=======================================
2025-01-10 18:36:28,312 - INFO - EXTRACT 'currency' - SUCCESS.
2025-01-10 18:36:28,313 - INFO - Extract All Data API From Sources - SUCCESS
2025-01-10 18:36:28,366 - INFO - ==================================ENDING EXTRACT DATA=======================================
2025-01-10 18:36:28,366 - INFO - [pid 27544] Worker Worker(salt=6470096563, workers=1, host=DESKTOP-KIQCHDD, username=ihdarsyd, pid=27544) done      Extract_API(data_name=currency)
2025-01-10 18:36:28,368 - DEBUG - 1 running tasks, waiting for next task to finish
2025-01-10 18:36:28,369 - INFO - Informed scheduler that task   Extract_API_currency_b6815482e3   has status   DONE
2025-01-10 18:36:28,369 - DEBUG - Asking scheduler for work...
2025-01-10 18:36:28,369 - DEBUG - Pending tasks: 1
2025-01-10 18:36:28,369 - INFO - [pid 27544] Worker Worker(salt=6470096563, workers=1, host=DESKTOP-KIQCHDD, username=ihdarsyd, pid=27544) running   Extract_STG()
2025-01-10 18:36:28,379 - INFO - ==================================STARTING EXTRACT DATA=======================================
2025-01-10 18:36:28,457 - INFO - EXTRACT 'currency' - SUCCESS.
2025-01-10 18:36:28,547 - INFO - EXTRACT 'person' - SUCCESS.
2025-01-10 18:36:28,644 - INFO - EXTRACT 'employee' - SUCCESS.
2025-01-10 18:36:28,752 - INFO - EXTRACT 'product' - SUCCESS.
2025-01-10 18:36:28,853 - INFO - EXTRACT 'shipmethod' - SUCCESS.
2025-01-10 18:36:28,976 - INFO - EXTRACT 'currencyrate' - SUCCESS.
2025-01-10 18:36:29,104 - INFO - EXTRACT 'salesreason' - SUCCESS.
2025-01-10 18:36:29,206 - INFO - EXTRACT 'salesterritory' - SUCCESS.
2025-01-10 18:36:29,342 - INFO - EXTRACT 'specialoffer' - SUCCESS.
2025-01-10 18:36:29,480 - INFO - EXTRACT 'salesperson' - SUCCESS.
2025-01-10 18:36:29,613 - INFO - EXTRACT 'store' - SUCCESS.
2025-01-10 18:36:29,733 - INFO - EXTRACT 'customer' - SUCCESS.
2025-01-10 18:36:29,865 - INFO - EXTRACT 'specialofferproduct' - SUCCESS.
2025-01-10 18:36:30,002 - INFO - EXTRACT 'salespersonquotahistory' - SUCCESS.
2025-01-10 18:36:30,102 - INFO - EXTRACT 'salesterritoryhistory' - SUCCESS.
2025-01-10 18:36:30,283 - INFO - EXTRACT 'shoppingcartitem' - SUCCESS.
2025-01-10 18:36:30,471 - INFO - EXTRACT 'salesorderheader' - SUCCESS.
2025-01-10 18:36:30,588 - INFO - EXTRACT 'salesorderdetail' - SUCCESS.
2025-01-10 18:36:30,721 - INFO - EXTRACT 'salesorderheadersalesreason' - SUCCESS.
2025-01-10 18:36:30,773 - INFO - Extract All Tables From Sources - SUCCESS
2025-01-10 18:36:30,773 - INFO - ==================================ENDING EXTRACT DATA=======================================
2025-01-10 18:36:30,775 - INFO - [pid 27544] Worker Worker(salt=6470096563, workers=1, host=DESKTOP-KIQCHDD, username=ihdarsyd, pid=27544) done      Extract_STG()
2025-01-10 18:36:30,776 - DEBUG - 1 running tasks, waiting for next task to finish
2025-01-10 18:36:30,779 - INFO - Informed scheduler that task   Extract_STG__99914b932b   has status   DONE
2025-01-10 18:36:30,779 - DEBUG - Asking scheduler for work...
2025-01-10 18:36:30,785 - DEBUG - Done
2025-01-10 18:36:30,786 - DEBUG - There are no more tasks to run at this time
2025-01-10 18:36:30,786 - INFO - Worker Worker(salt=6470096563, workers=1, host=DESKTOP-KIQCHDD, username=ihdarsyd, pid=27544) was stopped. Shutting down Keep-Alive thread
2025-01-10 18:36:30,788 - INFO - 
===== Luigi Execution Summary =====

Scheduled 4 tasks of which:
* 1 complete ones were encountered:
    - 1 Load_STG()
* 3 ran successfully:
    - 1 Extract_API(data_name=currency)
    - 1 Extract_DB()
    - 1 Extract_STG()

This progress looks :) because there were no failed tasks or missing dependencies

===== Luigi Execution Summary =====

2025-01-10 18:41:54,535 - INFO - ==================================STARTING EXTRACT DATA=======================================
2025-01-10 18:41:55,313 - INFO - EXTRACT 'person' - SUCCESS.
2025-01-10 18:41:55,490 - INFO - EXTRACT 'employee' - SUCCESS.
2025-01-10 18:41:55,607 - INFO - EXTRACT 'product' - SUCCESS.
2025-01-10 18:41:55,690 - INFO - EXTRACT 'shipmethod' - SUCCESS.
2025-01-10 18:41:55,947 - INFO - EXTRACT 'currencyrate' - SUCCESS.
2025-01-10 18:41:56,058 - INFO - EXTRACT 'salesreason' - SUCCESS.
2025-01-10 18:41:56,161 - INFO - EXTRACT 'salesterritory' - SUCCESS.
2025-01-10 18:41:56,261 - INFO - EXTRACT 'specialoffer' - SUCCESS.
2025-01-10 18:41:56,347 - INFO - EXTRACT 'salesperson' - SUCCESS.
2025-01-10 18:41:56,457 - INFO - EXTRACT 'store' - SUCCESS.
2025-01-10 18:41:56,918 - INFO - EXTRACT 'customer' - SUCCESS.
2025-01-10 18:41:57,045 - INFO - EXTRACT 'specialofferproduct' - SUCCESS.
2025-01-10 18:41:57,144 - INFO - EXTRACT 'salespersonquotahistory' - SUCCESS.
2025-01-10 18:41:57,242 - INFO - EXTRACT 'salesterritoryhistory' - SUCCESS.
2025-01-10 18:41:57,337 - INFO - EXTRACT 'shoppingcartitem' - SUCCESS.
2025-01-10 18:41:58,660 - INFO - EXTRACT 'salesorderheader' - SUCCESS.
2025-01-10 18:42:00,879 - INFO - EXTRACT 'salesorderdetail' - SUCCESS.
2025-01-10 18:42:01,113 - INFO - EXTRACT 'salesorderheadersalesreason' - SUCCESS.
2025-01-10 18:42:01,163 - INFO - Extract All Tables From Sources - SUCCESS
2025-01-10 18:42:01,163 - INFO - ==================================ENDING EXTRACT DATA=======================================
2025-01-10 18:42:01,165 - INFO - [pid 32492] Worker Worker(salt=8875448945, workers=1, host=DESKTOP-KIQCHDD, username=ihdarsyd, pid=32492) done      Extract_DB()
2025-01-10 18:42:01,165 - DEBUG - 1 running tasks, waiting for next task to finish
2025-01-10 18:42:01,168 - INFO - Informed scheduler that task   Extract_DB__99914b932b   has status   DONE
2025-01-10 18:42:01,168 - DEBUG - Asking scheduler for work...
2025-01-10 18:42:01,170 - DEBUG - Pending tasks: 3
2025-01-10 18:42:01,170 - INFO - [pid 32492] Worker Worker(salt=8875448945, workers=1, host=DESKTOP-KIQCHDD, username=ihdarsyd, pid=32492) running   Extract_API(data_name=currency)
2025-01-10 18:42:01,173 - INFO - ==================================STARTING EXTRACT DATA API=======================================
2025-01-10 18:42:05,550 - INFO - EXTRACT 'currency' - SUCCESS.
2025-01-10 18:42:05,550 - INFO - Extract All Data API From Sources - SUCCESS
2025-01-10 18:42:05,634 - INFO - ==================================ENDING EXTRACT DATA=======================================
2025-01-10 18:42:05,634 - INFO - [pid 32492] Worker Worker(salt=8875448945, workers=1, host=DESKTOP-KIQCHDD, username=ihdarsyd, pid=32492) done      Extract_API(data_name=currency)
2025-01-10 18:42:05,635 - DEBUG - 1 running tasks, waiting for next task to finish
2025-01-10 18:42:05,638 - INFO - Informed scheduler that task   Extract_API_currency_b6815482e3   has status   DONE
2025-01-10 18:42:05,638 - DEBUG - Asking scheduler for work...
2025-01-10 18:42:05,642 - DEBUG - Pending tasks: 2
2025-01-10 18:42:05,642 - INFO - [pid 32492] Worker Worker(salt=8875448945, workers=1, host=DESKTOP-KIQCHDD, username=ihdarsyd, pid=32492) running   Load_STG()
2025-01-10 18:42:06,259 - INFO - Read Extracted Data - SUCCESS
2025-01-10 18:42:06,260 - INFO - Connect to STG - SUCCESS
2025-01-10 18:42:06,260 - INFO - ==================================STARTING LOAD DATA TO STG=======================================
2025-01-10 18:42:06,335 - INFO - LOAD STAGING 'currency' - SUCCESS.
2025-01-10 18:42:12,261 - INFO - LOAD STAGING 'person' - SUCCESS.
2025-01-10 18:42:12,470 - INFO - LOAD STAGING 'employee' - SUCCESS.
2025-01-10 18:42:12,794 - INFO - LOAD STAGING 'product' - SUCCESS.
2025-01-10 18:42:12,851 - INFO - LOAD STAGING 'shipmethod' - SUCCESS.
2025-01-10 18:42:15,128 - INFO - LOAD STAGING 'currencyrate' - SUCCESS.
2025-01-10 18:42:15,211 - INFO - LOAD STAGING 'salesreason' - SUCCESS.
2025-01-10 18:42:15,297 - INFO - LOAD STAGING 'salesterritory' - SUCCESS.
2025-01-10 18:42:15,362 - INFO - LOAD STAGING 'specialoffer' - SUCCESS.
2025-01-10 18:42:15,449 - INFO - LOAD STAGING 'salesperson' - SUCCESS.
2025-01-10 18:42:15,661 - INFO - LOAD STAGING 'store' - SUCCESS.
2025-01-10 18:42:19,280 - INFO - LOAD STAGING 'customer' - SUCCESS.
2025-01-10 18:42:19,543 - INFO - LOAD STAGING 'specialofferproduct' - SUCCESS.
2025-01-10 18:42:19,726 - INFO - LOAD STAGING 'salespersonquotahistory' - SUCCESS.
2025-01-10 18:42:19,818 - INFO - LOAD STAGING 'salesterritoryhistory' - SUCCESS.
2025-01-10 18:42:19,899 - INFO - LOAD STAGING 'shoppingcartitem' - SUCCESS.
2025-01-10 18:42:43,663 - INFO - LOAD STAGING 'salesorderheader' - SUCCESS.
2025-01-10 18:43:23,080 - INFO - LOAD STAGING 'salesorderdetail' - SUCCESS.
2025-01-10 18:43:26,210 - INFO - LOAD STAGING 'salesorderheadersalesreason' - SUCCESS.
2025-01-10 18:43:26,266 - INFO - ==================================ENDING LOAD DATA TO STG=======================================
2025-01-10 18:43:26,287 - INFO - [pid 32492] Worker Worker(salt=8875448945, workers=1, host=DESKTOP-KIQCHDD, username=ihdarsyd, pid=32492) done      Load_STG()
2025-01-10 18:43:26,289 - DEBUG - 1 running tasks, waiting for next task to finish
2025-01-10 18:43:26,294 - INFO - Informed scheduler that task   Load_STG__99914b932b   has status   DONE
2025-01-10 18:43:26,294 - DEBUG - Asking scheduler for work...
2025-01-10 18:43:26,299 - DEBUG - Pending tasks: 1
2025-01-10 18:43:26,300 - INFO - [pid 32492] Worker Worker(salt=8875448945, workers=1, host=DESKTOP-KIQCHDD, username=ihdarsyd, pid=32492) running   Extract_STG()
2025-01-10 18:43:26,303 - INFO - ==================================STARTING EXTRACT DATA=======================================
2025-01-10 18:43:26,411 - INFO - EXTRACT 'currency' - SUCCESS.
2025-01-10 18:43:27,846 - INFO - EXTRACT 'person' - SUCCESS.
2025-01-10 18:43:27,979 - INFO - EXTRACT 'employee' - SUCCESS.
2025-01-10 18:43:28,144 - INFO - EXTRACT 'product' - SUCCESS.
2025-01-10 18:43:28,252 - INFO - EXTRACT 'shipmethod' - SUCCESS.
2025-01-10 18:43:28,739 - INFO - EXTRACT 'currencyrate' - SUCCESS.
2025-01-10 18:43:28,871 - INFO - EXTRACT 'salesreason' - SUCCESS.
2025-01-10 18:43:29,012 - INFO - EXTRACT 'salesterritory' - SUCCESS.
2025-01-10 18:43:29,140 - INFO - EXTRACT 'specialoffer' - SUCCESS.
2025-01-10 18:43:29,283 - INFO - EXTRACT 'salesperson' - SUCCESS.
2025-01-10 18:43:29,442 - INFO - EXTRACT 'store' - SUCCESS.
2025-01-10 18:43:30,073 - INFO - EXTRACT 'customer' - SUCCESS.
2025-01-10 18:43:30,231 - INFO - EXTRACT 'specialofferproduct' - SUCCESS.
2025-01-10 18:43:30,379 - INFO - EXTRACT 'salespersonquotahistory' - SUCCESS.
2025-01-10 18:43:30,509 - INFO - EXTRACT 'salesterritoryhistory' - SUCCESS.
2025-01-10 18:43:30,611 - INFO - EXTRACT 'shoppingcartitem' - SUCCESS.
2025-01-10 18:43:32,432 - INFO - EXTRACT 'salesorderheader' - SUCCESS.
2025-01-10 18:43:36,554 - INFO - EXTRACT 'salesorderdetail' - SUCCESS.
2025-01-10 18:43:36,990 - INFO - EXTRACT 'salesorderheadersalesreason' - SUCCESS.
2025-01-10 18:43:37,050 - INFO - Extract All Tables From Sources - SUCCESS
2025-01-10 18:43:37,050 - INFO - ==================================ENDING EXTRACT DATA=======================================
2025-01-10 18:43:37,053 - INFO - [pid 32492] Worker Worker(salt=8875448945, workers=1, host=DESKTOP-KIQCHDD, username=ihdarsyd, pid=32492) done      Extract_STG()
2025-01-10 18:43:37,053 - DEBUG - 1 running tasks, waiting for next task to finish
2025-01-10 18:43:37,058 - INFO - Informed scheduler that task   Extract_STG__99914b932b   has status   DONE
2025-01-10 18:43:37,060 - DEBUG - Asking scheduler for work...
2025-01-10 18:43:37,065 - DEBUG - Done
2025-01-10 18:43:37,066 - DEBUG - There are no more tasks to run at this time
2025-01-10 18:43:37,067 - INFO - Worker Worker(salt=8875448945, workers=1, host=DESKTOP-KIQCHDD, username=ihdarsyd, pid=32492) was stopped. Shutting down Keep-Alive thread
2025-01-10 18:43:37,070 - INFO - 
===== Luigi Execution Summary =====

Scheduled 4 tasks of which:
* 4 ran successfully:
    - 1 Extract_API(data_name=currency)
    - 1 Extract_DB()
    - 1 Extract_STG()
    - 1 Load_STG()

This progress looks :) because there were no failed tasks or missing dependencies

===== Luigi Execution Summary =====

2025-01-10 18:45:13,777 - INFO - ==================================STARTING EXTRACT DATA=======================================
2025-01-10 18:45:13,890 - INFO - EXTRACT 'person' - SUCCESS.
2025-01-10 18:45:13,971 - INFO - EXTRACT 'employee' - SUCCESS.
2025-01-10 18:45:14,068 - INFO - EXTRACT 'product' - SUCCESS.
2025-01-10 18:45:14,193 - INFO - EXTRACT 'shipmethod' - SUCCESS.
2025-01-10 18:45:14,288 - INFO - EXTRACT 'currencyrate' - SUCCESS.
2025-01-10 18:45:14,381 - INFO - EXTRACT 'salesreason' - SUCCESS.
2025-01-10 18:45:14,463 - INFO - EXTRACT 'salesterritory' - SUCCESS.
2025-01-10 18:45:14,549 - INFO - EXTRACT 'specialoffer' - SUCCESS.
2025-01-10 18:45:14,661 - INFO - EXTRACT 'salesperson' - SUCCESS.
2025-01-10 18:45:14,809 - INFO - EXTRACT 'store' - SUCCESS.
2025-01-10 18:45:14,975 - INFO - EXTRACT 'customer' - SUCCESS.
2025-01-10 18:45:15,060 - INFO - EXTRACT 'specialofferproduct' - SUCCESS.
2025-01-10 18:45:15,160 - INFO - EXTRACT 'salespersonquotahistory' - SUCCESS.
2025-01-10 18:45:15,256 - INFO - EXTRACT 'salesterritoryhistory' - SUCCESS.
2025-01-10 18:45:15,340 - INFO - EXTRACT 'shoppingcartitem' - SUCCESS.
2025-01-10 18:45:15,443 - INFO - EXTRACT 'salesorderheader' - SUCCESS.
2025-01-10 18:45:15,556 - INFO - EXTRACT 'salesorderdetail' - SUCCESS.
2025-01-10 18:45:15,643 - INFO - EXTRACT 'salesorderheadersalesreason' - SUCCESS.
2025-01-10 18:45:15,691 - INFO - Extract All Tables From Sources - SUCCESS
2025-01-10 18:45:15,691 - INFO - ==================================ENDING EXTRACT DATA=======================================
2025-01-10 18:45:15,691 - INFO - [pid 25864] Worker Worker(salt=9402346235, workers=1, host=DESKTOP-KIQCHDD, username=ihdarsyd, pid=25864) done      Extract_DB()
2025-01-10 18:45:15,692 - DEBUG - 1 running tasks, waiting for next task to finish
2025-01-10 18:45:15,698 - INFO - Informed scheduler that task   Extract_DB__99914b932b   has status   DONE
2025-01-10 18:45:15,700 - DEBUG - Asking scheduler for work...
2025-01-10 18:45:15,703 - DEBUG - Pending tasks: 4
2025-01-10 18:45:15,703 - INFO - [pid 25864] Worker Worker(salt=9402346235, workers=1, host=DESKTOP-KIQCHDD, username=ihdarsyd, pid=25864) running   Extract_API(data_name=currency)
2025-01-10 18:45:15,704 - INFO - ==================================STARTING EXTRACT DATA API=======================================
2025-01-10 18:45:20,075 - INFO - EXTRACT 'currency' - SUCCESS.
2025-01-10 18:45:20,075 - INFO - Extract All Data API From Sources - SUCCESS
2025-01-10 18:45:20,118 - INFO - ==================================ENDING EXTRACT DATA=======================================
2025-01-10 18:45:20,118 - INFO - [pid 25864] Worker Worker(salt=9402346235, workers=1, host=DESKTOP-KIQCHDD, username=ihdarsyd, pid=25864) done      Extract_API(data_name=currency)
2025-01-10 18:45:20,118 - DEBUG - 1 running tasks, waiting for next task to finish
2025-01-10 18:45:20,118 - INFO - Informed scheduler that task   Extract_API_currency_b6815482e3   has status   DONE
2025-01-10 18:45:20,118 - DEBUG - Asking scheduler for work...
2025-01-10 18:45:20,128 - DEBUG - Pending tasks: 3
2025-01-10 18:45:20,128 - INFO - [pid 25864] Worker Worker(salt=9402346235, workers=1, host=DESKTOP-KIQCHDD, username=ihdarsyd, pid=25864) running   Load_STG()
2025-01-10 18:45:20,164 - INFO - Read Extracted Data - SUCCESS
2025-01-10 18:45:20,166 - INFO - Connect to STG - SUCCESS
2025-01-10 18:45:20,166 - INFO - ==================================STARTING LOAD DATA TO STG=======================================
2025-01-10 18:45:20,230 - INFO - LOAD STAGING 'currency' - SUCCESS.
2025-01-10 18:45:20,295 - INFO - LOAD STAGING 'person' - SUCCESS.
2025-01-10 18:45:20,354 - INFO - LOAD STAGING 'employee' - SUCCESS.
2025-01-10 18:45:20,412 - INFO - LOAD STAGING 'product' - SUCCESS.
2025-01-10 18:45:20,465 - INFO - LOAD STAGING 'shipmethod' - SUCCESS.
2025-01-10 18:45:20,501 - INFO - LOAD STAGING 'currencyrate' - SUCCESS.
2025-01-10 18:45:20,568 - INFO - LOAD STAGING 'salesreason' - SUCCESS.
2025-01-10 18:45:20,642 - INFO - LOAD STAGING 'salesterritory' - SUCCESS.
2025-01-10 18:45:20,736 - INFO - LOAD STAGING 'specialoffer' - SUCCESS.
2025-01-10 18:45:20,861 - INFO - LOAD STAGING 'salesperson' - SUCCESS.
2025-01-10 18:45:20,948 - INFO - LOAD STAGING 'store' - SUCCESS.
2025-01-10 18:45:21,016 - INFO - LOAD STAGING 'customer' - SUCCESS.
2025-01-10 18:45:21,077 - INFO - LOAD STAGING 'specialofferproduct' - SUCCESS.
2025-01-10 18:45:21,133 - INFO - LOAD STAGING 'salespersonquotahistory' - SUCCESS.
2025-01-10 18:45:21,190 - INFO - LOAD STAGING 'salesterritoryhistory' - SUCCESS.
2025-01-10 18:45:21,251 - INFO - LOAD STAGING 'shoppingcartitem' - SUCCESS.
2025-01-10 18:45:21,314 - INFO - LOAD STAGING 'salesorderheader' - SUCCESS.
2025-01-10 18:45:21,379 - INFO - LOAD STAGING 'salesorderdetail' - SUCCESS.
2025-01-10 18:45:21,424 - INFO - LOAD STAGING 'salesorderheadersalesreason' - SUCCESS.
2025-01-10 18:45:21,480 - INFO - ==================================ENDING LOAD DATA TO STG=======================================
2025-01-10 18:45:21,480 - INFO - [pid 25864] Worker Worker(salt=9402346235, workers=1, host=DESKTOP-KIQCHDD, username=ihdarsyd, pid=25864) done      Load_STG()
2025-01-10 18:45:21,480 - DEBUG - 1 running tasks, waiting for next task to finish
2025-01-10 18:45:21,488 - INFO - Informed scheduler that task   Load_STG__99914b932b   has status   DONE
2025-01-10 18:45:21,489 - DEBUG - Asking scheduler for work...
2025-01-10 18:45:21,491 - DEBUG - Pending tasks: 2
2025-01-10 18:45:21,491 - INFO - [pid 25864] Worker Worker(salt=9402346235, workers=1, host=DESKTOP-KIQCHDD, username=ihdarsyd, pid=25864) running   Extract_STG()
2025-01-10 18:45:21,494 - INFO - ==================================STARTING EXTRACT DATA=======================================
2025-01-10 18:45:21,576 - INFO - EXTRACT 'currency' - SUCCESS.
2025-01-10 18:45:22,421 - INFO - EXTRACT 'person' - SUCCESS.
2025-01-10 18:45:22,558 - INFO - EXTRACT 'employee' - SUCCESS.
2025-01-10 18:45:22,690 - INFO - EXTRACT 'product' - SUCCESS.
2025-01-10 18:45:22,782 - INFO - EXTRACT 'shipmethod' - SUCCESS.
2025-01-10 18:45:23,068 - INFO - EXTRACT 'currencyrate' - SUCCESS.
2025-01-10 18:45:23,165 - INFO - EXTRACT 'salesreason' - SUCCESS.
2025-01-10 18:45:23,256 - INFO - EXTRACT 'salesterritory' - SUCCESS.
2025-01-10 18:45:23,362 - INFO - EXTRACT 'specialoffer' - SUCCESS.
2025-01-10 18:45:23,471 - INFO - EXTRACT 'salesperson' - SUCCESS.
2025-01-10 18:45:23,570 - INFO - EXTRACT 'store' - SUCCESS.
2025-01-10 18:45:24,036 - INFO - EXTRACT 'customer' - SUCCESS.
2025-01-10 18:45:24,142 - INFO - EXTRACT 'specialofferproduct' - SUCCESS.
2025-01-10 18:45:24,251 - INFO - EXTRACT 'salespersonquotahistory' - SUCCESS.
2025-01-10 18:45:24,365 - INFO - EXTRACT 'salesterritoryhistory' - SUCCESS.
2025-01-10 18:45:24,464 - INFO - EXTRACT 'shoppingcartitem' - SUCCESS.
2025-01-10 18:45:25,842 - INFO - EXTRACT 'salesorderheader' - SUCCESS.
2025-01-10 18:45:28,509 - INFO - EXTRACT 'salesorderdetail' - SUCCESS.
2025-01-10 18:45:28,840 - INFO - EXTRACT 'salesorderheadersalesreason' - SUCCESS.
2025-01-10 18:45:28,885 - INFO - Extract All Tables From Sources - SUCCESS
2025-01-10 18:45:28,886 - INFO - ==================================ENDING EXTRACT DATA=======================================
2025-01-10 18:45:28,886 - INFO - [pid 25864] Worker Worker(salt=9402346235, workers=1, host=DESKTOP-KIQCHDD, username=ihdarsyd, pid=25864) done      Extract_STG()
2025-01-10 18:45:28,886 - DEBUG - 1 running tasks, waiting for next task to finish
2025-01-10 18:45:28,890 - INFO - Informed scheduler that task   Extract_STG__99914b932b   has status   DONE
2025-01-10 18:45:28,892 - DEBUG - Asking scheduler for work...
2025-01-10 18:45:28,894 - DEBUG - Pending tasks: 1
2025-01-10 18:45:28,895 - INFO - [pid 25864] Worker Worker(salt=9402346235, workers=1, host=DESKTOP-KIQCHDD, username=ihdarsyd, pid=25864) running   Load_DWH()
2025-01-10 18:45:29,630 - INFO - Read Extracted Data - SUCCESS
2025-01-10 18:45:29,630 - INFO - Connect to DWH Schema: Raw - SUCCESS
2025-01-10 18:45:29,630 - INFO - ==================================STARTING LOAD DATA TO DWH Schema: Raw=======================================
2025-01-10 18:45:29,731 - INFO - LOAD DWH Schema: Raw 'currency' - SUCCESS.
2025-01-10 18:45:36,679 - INFO - LOAD DWH Schema: Raw 'person' - SUCCESS.
2025-01-10 18:45:36,893 - INFO - LOAD DWH Schema: Raw 'employee' - SUCCESS.
2025-01-10 18:45:37,345 - INFO - LOAD DWH Schema: Raw 'product' - SUCCESS.
2025-01-10 18:45:37,418 - INFO - LOAD DWH Schema: Raw 'shipmethod' - SUCCESS.
2025-01-10 18:45:41,169 - INFO - LOAD DWH Schema: Raw 'currencyrate' - SUCCESS.
2025-01-10 18:45:41,259 - INFO - LOAD DWH Schema: Raw 'salesreason' - SUCCESS.
2025-01-10 18:45:41,364 - INFO - LOAD DWH Schema: Raw 'salesterritory' - SUCCESS.
2025-01-10 18:45:41,442 - INFO - LOAD DWH Schema: Raw 'specialoffer' - SUCCESS.
2025-01-10 18:45:41,524 - INFO - LOAD DWH Schema: Raw 'salesperson' - SUCCESS.
2025-01-10 18:45:41,744 - INFO - LOAD DWH Schema: Raw 'store' - SUCCESS.
2025-01-10 18:45:45,491 - INFO - LOAD DWH Schema: Raw 'customer' - SUCCESS.
2025-01-10 18:45:45,670 - INFO - LOAD DWH Schema: Raw 'specialofferproduct' - SUCCESS.
2025-01-10 18:45:45,808 - INFO - LOAD DWH Schema: Raw 'salespersonquotahistory' - SUCCESS.
2025-01-10 18:45:45,901 - INFO - LOAD DWH Schema: Raw 'salesterritoryhistory' - SUCCESS.
2025-01-10 18:45:45,968 - INFO - LOAD DWH Schema: Raw 'shoppingcartitem' - SUCCESS.
2025-01-10 18:46:09,027 - INFO - LOAD DWH Schema: Raw 'salesorderheader' - SUCCESS.
2025-01-10 18:46:46,309 - INFO - LOAD DWH Schema: Raw 'salesorderdetail' - SUCCESS.
2025-01-10 18:46:49,859 - INFO - LOAD DWH Schema: Raw 'salesorderheadersalesreason' - SUCCESS.
2025-01-10 18:46:49,908 - INFO - ==================================ENDING LOAD DATA TO DWH Schema: Raw=======================================
2025-01-10 18:46:49,919 - INFO - [pid 25864] Worker Worker(salt=9402346235, workers=1, host=DESKTOP-KIQCHDD, username=ihdarsyd, pid=25864) done      Load_DWH()
2025-01-10 18:46:49,919 - DEBUG - 1 running tasks, waiting for next task to finish
2025-01-10 18:46:49,930 - INFO - Informed scheduler that task   Load_DWH__99914b932b   has status   DONE
2025-01-10 18:46:49,930 - DEBUG - Asking scheduler for work...
2025-01-10 18:46:49,936 - DEBUG - Done
2025-01-10 18:46:49,936 - DEBUG - There are no more tasks to run at this time
2025-01-10 18:46:49,937 - INFO - Worker Worker(salt=9402346235, workers=1, host=DESKTOP-KIQCHDD, username=ihdarsyd, pid=25864) was stopped. Shutting down Keep-Alive thread
2025-01-10 18:46:49,943 - INFO - 
===== Luigi Execution Summary =====

Scheduled 5 tasks of which:
* 5 ran successfully:
    - 1 Extract_API(data_name=currency)
    - 1 Extract_DB()
    - 1 Extract_STG()
    - 1 Load_DWH()
    - 1 Load_STG()

This progress looks :) because there were no failed tasks or missing dependencies

===== Luigi Execution Summary =====

